branch 12
branch 1
leaf 1 ARMXV 
branch 1
leaf 1 CH 
branch 1
leaf 1 DMNQ 
branch 1
leaf 1 FA 
branch 2
leaf 1 ID 
leaf 1 IO 
branch 1
leaf 1 J 
branch 1
leaf 1 N 
branch 1
leaf 1 ORWAI 
branch 2
leaf 1 T 
leaf 1 TNWOU 
branch 1
leaf 1 UGCO 
branch 2
leaf 1 XM 
leaf 1 XVK 
branch 3
leaf 1 Z 
leaf 1 ZFG 
leaf 1 ZGBBEX 
branch 16
branch 1
leaf 1 AQFP 
branch 1
leaf 1 EX 
branch 2
leaf 1 FDN 
leaf 1 FIXOF 
branch 2
leaf 1 GLW 
leaf 1 GS 
branch 2
leaf 2 IDVO ID 
leaf 1 IO 
branch 1
leaf 1 KA 
branch 1
leaf 1 N 
branch 2
leaf 1 OOMOIU 
leaf 1 ORWAI 
branch 1
leaf 1 RUA 
branch 2
leaf 1 SDZ 
leaf 1 SH 
branch 4
leaf 1 T 
leaf 1 TEKS 
leaf 1 TNWOU 
leaf 1 TVREN 
branch 2
leaf 1 UGCO 
leaf 1 UV 
branch 1
leaf 1 V 
branch 1
leaf 1 WLIB 
branch 2
leaf 1 XKJQG 
leaf 1 XVK 
branch 2
leaf 1 Z 
leaf 1 ZFG 
branch 23
branch 1
leaf 1 AQFP 
branch 2
leaf 1 BB 
leaf 1 BN 
branch 1
leaf 1 C 
branch 2
leaf 1 DNQEPLVHB 
leaf 1 DY 
branch 1
leaf 1 EX 
branch 2
leaf 1 FDN 
leaf 1 FIXOF 
branch 4
leaf 1 GLW 
leaf 1 GMCOLCKD 
leaf 1 GPZD 
leaf 1 GS 
branch 2
leaf 1 ID 
leaf 1 IO 
branch 1
leaf 1 J 
branch 1
leaf 1 KA 
branch 2
leaf 1 LACZ 
leaf 1 LVKK 
branch 1
leaf 1 N 
branch 2
leaf 1 ONQWC 
leaf 1 OOMOIU 
branch 2
leaf 1 PQG 
leaf 1 PRP 
branch 1
leaf 1 RUA 
branch 2
leaf 1 SDZ 
leaf 1 SH 
branch 3
leaf 1 TEKS 
leaf 1 TNWOU 
leaf 2 TV TVREN 
branch 4
leaf 1 U 
leaf 1 UCOVQCQBU 
leaf 1 UGCO 
leaf 1 UV 
branch 2
leaf 1 V 
leaf 1 VNOJOYKA 
branch 1
leaf 1 WLIB 
branch 3
leaf 1 XKJQG 
leaf 1 XTXMGTN 
leaf 1 XVK 
branch 1
leaf 1 Y 
branch 3
leaf 1 Z 
leaf 1 ZEZR 
leaf 1 ZFG 
branch 22
branch 2
leaf 1 AMJ 
leaf 1 AQFP 
branch 3
leaf 1 BB 
leaf 1 BN 
leaf 1 BOBRG 
branch 1
leaf 1 C 
branch 5
leaf 1 DGE 
leaf 1 DLNJTL 
leaf 1 DNQEPLVHB 
leaf 1 DWC 
leaf 1 DY 
branch 1
leaf 1 EX 
branch 2
leaf 1 FDN 
leaf 1 FIXOF 
branch 4
leaf 1 GLW 
leaf 2 GM GMCOLCKD 
leaf 2 GPFJG GPZD 
leaf 1 GS 
branch 2
leaf 1 ID 
leaf 1 IO 
branch 3
leaf 1 J 
leaf 1 JK 
leaf 1 JYKE 
branch 2
leaf 1 K 
leaf 1 KA 
branch 4
leaf 1 LACZ 
leaf 1 LKES 
leaf 1 LSFC 
leaf 1 LVKK 
branch 4
leaf 1 OJZAJ 
leaf 1 ONQWC 
leaf 1 OOMOIU 
leaf 1 ORDQZ 
branch 2
leaf 1 PQG 
leaf 1 PRP 
branch 3
leaf 1 RQ 
leaf 1 RUA 
leaf 1 RYDL 
branch 4
leaf 1 SDZ 
leaf 1 SGGX 
leaf 1 SH 
leaf 2 SPRJ SP 
branch 4
leaf 1 TEKS 
leaf 1 THBU 
leaf 1 TNWOU 
leaf 1 TVREN 
branch 5
leaf 1 U 
leaf 1 UCOVQCQBU 
leaf 1 UGCO 
leaf 1 UPNNL 
leaf 1 UV 
branch 3
leaf 1 V 
leaf 1 VAR 
leaf 1 VNOJOYKA 
branch 1
leaf 1 WLIB 
branch 4
leaf 1 XIEG 
leaf 1 XKJQG 
leaf 1 XTXMGTN 
leaf 1 XVK 
branch 3
leaf 1 Y 
leaf 1 YBQ 
leaf 1 YIYCM 
branch 3
leaf 1 Z 
leaf 1 ZEZR 
leaf 1 ZFG 
branch 25
branch 2
leaf 1 AMJ 
leaf 1 AQFP 
branch 3
leaf 1 BB 
leaf 1 BN 
leaf 1 BOBRG 
branch 1
leaf 1 C 
branch 6
leaf 1 DGE 
leaf 1 DKWD 
leaf 1 DLNJTL 
leaf 1 DNQEPLVHB 
leaf 1 DWC 
leaf 1 DY 
branch 2
leaf 1 EVYWD 
leaf 1 EX 
branch 4
leaf 1 F 
leaf 1 FDN 
leaf 1 FIXOF 
leaf 1 FTUXK 
branch 6
leaf 1 G 
leaf 1 GG 
leaf 1 GLW 
leaf 2 GM GMCOLCKD 
leaf 2 GPFJG GPZD 
leaf 1 GS 
branch 1
leaf 1 HIYZG 
branch 2
leaf 1 IO 
leaf 1 IUE 
branch 4
leaf 1 J 
leaf 1 JK 
leaf 1 JYKE 
leaf 1 JZEE 
branch 2
leaf 1 K 
leaf 1 KA 
branch 5
leaf 1 LACZ 
leaf 1 LKES 
leaf 1 LOVX 
leaf 1 LSFC 
leaf 1 LVKK 
branch 1
leaf 1 NL 
branch 5
leaf 1 OAWX 
leaf 1 OJZAJ 
leaf 1 ONQWC 
leaf 1 OOMOIU 
leaf 1 ORDQZ 
branch 4
leaf 1 P 
leaf 1 PLV 
leaf 1 PQG 
leaf 1 PRP 
branch 1
leaf 1 QWL 
branch 3
leaf 1 RC 
leaf 1 RQ 
leaf 1 RZLMXCS 
branch 5
leaf 1 S 
leaf 1 SDZ 
leaf 1 SGGX 
leaf 1 SH 
leaf 2 SPRJ SP 
branch 4
leaf 2 TE TEKS 
leaf 1 THBU 
leaf 1 TNWOU 
leaf 1 TVREN 
branch 5
leaf 1 U 
leaf 1 UCOVQCQBU 
leaf 1 UGCO 
leaf 1 UPNNL 
leaf 1 UV 
branch 4
leaf 1 V 
leaf 1 VAR 
leaf 1 VFVDDM 
leaf 1 VNOJOYKA 
branch 2
leaf 1 W 
leaf 2 WLZMFD WLIB 
branch 6
leaf 1 XIEG 
leaf 1 XJG 
leaf 1 XKJQG 
leaf 1 XTXMGTN 
leaf 1 XVK 
leaf 1 XZIN 
branch 3
leaf 1 Y 
leaf 1 YIYCM 
leaf 1 YWZE 
branch 3
leaf 1 Z 
leaf 1 ZEZR 
leaf 1 ZFG 
branch 26
branch 4
leaf 1 A 
leaf 1 ACVVN 
leaf 1 AMJ 
leaf 1 AQFP 
branch 4
leaf 1 B 
leaf 1 BB 
leaf 1 BN 
leaf 1 BOBRG 
branch 2
leaf 1 C 
leaf 1 CVAAMUV 
branch 7
leaf 1 DENWQ 
leaf 1 DGE 
leaf 1 DKWD 
leaf 1 DLNJTL 
leaf 1 DNQEPLVHB 
leaf 1 DWC 
leaf 1 DY 
branch 3
leaf 1 EBOGSJS 
leaf 1 EVYWD 
leaf 1 EX 
branch 4
leaf 1 F 
leaf 1 FDN 
leaf 1 FIXOF 
leaf 1 FTUXK 
branch 7
leaf 1 G 
leaf 1 GG 
leaf 1 GLW 
leaf 2 GM GMCOLCKD 
leaf 2 GPFJG GPZD 
leaf 1 GS 
leaf 1 GXNNE 
branch 1
leaf 1 HFG 
branch 2
leaf 1 IO 
leaf 1 IUE 
branch 5
leaf 1 J 
leaf 1 JHYZC 
leaf 1 JK 
leaf 1 JYKE 
leaf 1 JZEE 
branch 3
leaf 1 K 
leaf 1 KA 
leaf 1 KNRGUT 
branch 6
leaf 1 L 
leaf 1 LACZ 
leaf 1 LKES 
leaf 1 LOVX 
leaf 1 LSFC 
leaf 1 LVKK 
branch 2
leaf 1 MB 
leaf 1 MDMYSI 
branch 2
leaf 1 NADMXSARQ 
leaf 1 NL 
branch 5
leaf 1 OAWX 
leaf 1 OJZAJ 
leaf 1 ONQWC 
leaf 1 OOMOIU 
leaf 1 ORDQZ 
branch 4
leaf 1 P 
leaf 1 PQG 
leaf 1 PRP 
leaf 1 PXCD 
branch 2
leaf 1 QQK 
leaf 1 QWL 
branch 4
leaf 1 RC 
leaf 1 RI 
leaf 1 RQ 
leaf 1 RZLMXCS 
branch 5
leaf 1 S 
leaf 1 SDZ 
leaf 1 SGGX 
leaf 1 SH 
leaf 2 SPRJ SP 
branch 5
leaf 2 TE TEKS 
leaf 1 THBU 
leaf 1 TI 
leaf 1 TNWOU 
leaf 1 TVREN 
branch 6
leaf 1 U 
leaf 1 UCOVQCQBU 
leaf 1 UDHL 
leaf 1 UGCO 
leaf 1 UV 
leaf 1 UZ 
branch 6
leaf 1 V 
leaf 1 VAR 
leaf 1 VFVDDM 
leaf 1 VLG 
leaf 2 VN VNOJOYKA 
leaf 1 VPJAH 
branch 4
leaf 1 W 
leaf 1 WECDDPK 
leaf 1 WLZMFD 
leaf 1 WSPG 
branch 6
leaf 1 XIEG 
leaf 1 XJG 
leaf 1 XKJQG 
leaf 1 XTXMGTN 
leaf 1 XVK 
leaf 1 XZIN 
branch 3
leaf 1 Y 
leaf 1 YIYCM 
leaf 1 YWZE 
branch 3
leaf 1 Z 
leaf 1 ZEZR 
leaf 1 ZFG 
branch 26
branch 5
leaf 1 A 
leaf 2 ACRLZWROH ACVVN 
leaf 1 AMJ 
leaf 1 AQFP 
leaf 1 ARGM 
branch 4
leaf 1 B 
leaf 1 BB 
leaf 1 BN 
leaf 1 BOBRG 
branch 2
leaf 1 C 
leaf 1 CVAAMUV 
branch 7
leaf 1 DENWQ 
leaf 1 DGE 
leaf 1 DKWD 
leaf 1 DLNJTL 
leaf 1 DNQEPLVHB 
leaf 1 DWC 
leaf 1 DY 
branch 5
leaf 1 EBOGSJS 
leaf 1 EDTRCLVFZB 
leaf 1 EVYWD 
leaf 1 EX 
leaf 1 EYS 
branch 4
leaf 1 F 
leaf 1 FDN 
leaf 1 FIXOF 
leaf 1 FTUXK 
branch 9
leaf 1 G 
leaf 1 GASRJM 
leaf 1 GG 
leaf 1 GLW 
leaf 2 GM GMCOLCKD 
leaf 2 GPFJG GPZD 
leaf 1 GS 
leaf 1 GWI 
leaf 1 GXNNE 
branch 2
leaf 1 HBCLVI 
leaf 2 HFU HFG 
branch 2
leaf 1 IO 
leaf 1 IUE 
branch 4
leaf 1 J 
leaf 1 JK 
leaf 1 JYKE 
leaf 1 JZEE 
branch 4
leaf 1 K 
leaf 1 KA 
leaf 1 KNRGUT 
leaf 1 KZNB 
branch 7
leaf 1 L 
leaf 1 LACZ 
leaf 1 LKES 
leaf 1 LOVX 
leaf 1 LQN 
leaf 1 LSFC 
leaf 2 LV LVKK 
branch 2
leaf 1 MB 
leaf 1 MDMYSI 
branch 2
leaf 1 NADMXSARQ 
leaf 1 NL 
branch 4
leaf 1 OAWX 
leaf 1 OL 
leaf 1 ONQWC 
leaf 1 OOMOIU 
branch 4
leaf 1 P 
leaf 1 PQG 
leaf 2 PRIWJAG PRP 
leaf 1 PXCD 
branch 2
leaf 1 QBD 
leaf 1 QQK 
branch 5
leaf 1 RC 
leaf 1 RI 
leaf 1 RNT 
leaf 1 RQ 
leaf 1 RZLMXCS 
branch 5
leaf 1 S 
leaf 1 SDZ 
leaf 1 SGGX 
leaf 1 SH 
leaf 2 SPRJ SP 
branch 5
leaf 1 TB 
leaf 2 TE TEKS 
leaf 1 THBU 
leaf 1 TI 
leaf 1 TVREN 
branch 5
leaf 1 U 
leaf 1 UCOVQCQBU 
leaf 1 UDHL 
leaf 1 UGCO 
leaf 1 UV 
branch 7
leaf 1 V 
leaf 1 VAR 
leaf 1 VDKGD 
leaf 1 VFVDDM 
leaf 1 VLG 
leaf 2 VN VNOJOYKA 
leaf 1 VPJAH 
branch 5
leaf 1 W 
leaf 2 WECPW WECDDPK 
leaf 1 WLZMFD 
leaf 1 WQMSI 
leaf 1 WSPG 
branch 6
leaf 1 XBCVE 
leaf 1 XIEG 
leaf 1 XJG 
leaf 1 XTXMGTN 
leaf 1 XVK 
leaf 1 XZIN 
branch 3
leaf 1 Y 
leaf 1 YIYCM 
leaf 1 YWZE 
branch 3
leaf 1 Z 
leaf 1 ZEZR 
leaf 1 ZFG 
branch 26
branch 6
leaf 1 A 
leaf 2 ACRLZWROH ACVVN 
leaf 1 ALCK 
leaf 1 AMJ 
leaf 1 AQFP 
leaf 1 ARGM 
branch 4
leaf 1 B 
leaf 1 BB 
leaf 1 BN 
leaf 1 BOBRG 
branch 3
leaf 1 C 
leaf 1 CP 
leaf 1 CVAAMUV 
branch 7
leaf 1 DENWQ 
leaf 1 DGE 
leaf 1 DKWD 
leaf 1 DLNJTL 
leaf 1 DNQEPLVHB 
leaf 1 DWC 
leaf 1 DY 
branch 5
leaf 1 EDTRCLVFZB 
leaf 1 EPO 
leaf 1 EVYWD 
leaf 1 EX 
leaf 1 EYS 
branch 4
leaf 1 F 
leaf 1 FDN 
leaf 1 FIXOF 
leaf 1 FTUXK 
branch 5
leaf 1 G 
leaf 1 GLW 
leaf 2 GM GMCOLCKD 
leaf 2 GPFJG GPZD 
leaf 1 GXNNE 
branch 2
leaf 2 HFU HFG 
leaf 1 HQNDFN 
branch 2
leaf 1 IO 
leaf 1 IUE 
branch 3
leaf 1 J 
leaf 1 JYKE 
leaf 1 JZEE 
branch 4
leaf 1 K 
leaf 1 KA 
leaf 1 KNRGUT 
leaf 1 KZNB 
branch 7
leaf 1 L 
leaf 1 LACZ 
leaf 1 LKES 
leaf 1 LOVX 
leaf 1 LQN 
leaf 1 LSFC 
leaf 2 LV LVKK 
branch 3
leaf 1 M 
leaf 1 MB 
leaf 1 MDMYSI 
branch 3
leaf 1 NADMXSARQ 
leaf 1 NF 
leaf 1 NL 
branch 5
leaf 1 OAWX 
leaf 1 OL 
leaf 1 ONQWC 
leaf 1 OOMOIU 
leaf 1 OTNUZBFQUY 
branch 5
leaf 1 P 
leaf 1 PQG 
leaf 2 PRIWJAG PRP 
leaf 1 PUAHPU 
leaf 2 PXZMX PXCD 
branch 5
leaf 1 Q 
leaf 1 QBD 
leaf 1 QC 
leaf 1 QQK 
leaf 1 QRPA 
branch 5
leaf 2 RCQHVFA RC 
leaf 1 RI 
leaf 1 RNT 
leaf 1 RQ 
leaf 1 RZLMXCS 
branch 5
leaf 1 S 
leaf 1 SDZ 
leaf 1 SGGX 
leaf 1 SH 
leaf 2 SPRJ SP 
branch 7
leaf 1 TAIHVNDTB 
leaf 1 TB 
leaf 1 TCT 
leaf 2 TE TEKS 
leaf 1 THBU 
leaf 1 TI 
leaf 1 TVREN 
branch 5
leaf 1 U 
leaf 1 UCOVQCQBU 
leaf 1 UDHL 
leaf 1 UGCO 
leaf 1 UV 
branch 7
leaf 1 V 
leaf 1 VAR 
leaf 1 VDKGD 
leaf 1 VFVDDM 
leaf 2 VLRHFWH VLG 
leaf 2 VN VNOJOYKA 
leaf 1 VPJAH 
branch 5
leaf 1 W 
leaf 2 WECPW WECDDPK 
leaf 1 WLZMFD 
leaf 1 WQMSI 
leaf 1 WSPG 
branch 5
leaf 1 XIEG 
leaf 2 XJXTM XJG 
leaf 1 XTXMGTN 
leaf 1 XVK 
leaf 1 XZIN 
branch 3
leaf 1 Y 
leaf 2 YI YIYCM 
leaf 1 YWZE 
branch 4
leaf 1 Z 
leaf 1 ZEZR 
leaf 1 ZFG 
leaf 1 ZNHWTRP 
branch 26
branch 8
leaf 1 A 
leaf 1 AB 
leaf 2 ACRLZWROH ACVVN 
leaf 1 ALCK 
leaf 1 AMJ 
leaf 1 AQFP 
leaf 1 ARGM 
leaf 1 AW 
branch 4
leaf 1 B 
leaf 1 BB 
leaf 1 BN 
leaf 1 BOBRG 
branch 3
leaf 1 C 
leaf 1 CP 
leaf 1 CVAAMUV 
branch 7
leaf 1 D 
leaf 1 DENWQ 
leaf 1 DKWD 
leaf 1 DLNJTL 
leaf 2 DNWBV DNQEPLVHB 
leaf 1 DWC 
leaf 1 DY 
branch 6
leaf 1 EBQEN 
leaf 1 EDTRCLVFZB 
leaf 1 EPO 
leaf 1 EVYWD 
leaf 1 EX 
leaf 1 EYS 
branch 5
leaf 1 F 
leaf 1 FBAGN 
leaf 1 FDN 
leaf 1 FIXOF 
leaf 1 FTUXK 
branch 6
leaf 1 G 
leaf 1 GAI 
leaf 1 GLW 
leaf 2 GM GMCOLCKD 
leaf 2 GPFJG GPZD 
leaf 1 GXNNE 
branch 2
leaf 2 HFU HFG 
leaf 1 HQNDFN 
branch 2
leaf 1 IO 
leaf 1 IUE 
branch 3
leaf 1 JKOSXV 
leaf 1 JYKE 
leaf 1 JZEE 
branch 5
leaf 1 K 
leaf 1 KA 
leaf 1 KNRGUT 
leaf 1 KY 
leaf 1 KZNB 
branch 7
leaf 1 L 
leaf 1 LACZ 
leaf 1 LKES 
leaf 1 LOVX 
leaf 1 LQN 
leaf 1 LSFC 
leaf 2 LV LVKK 
branch 6
leaf 1 M 
leaf 1 MB 
leaf 1 MDMYSI 
leaf 1 MRH 
leaf 1 MVBVVPS 
leaf 1 MYX 
branch 3
leaf 1 NADMXSARQ 
leaf 1 NF 
leaf 1 NL 
branch 7
leaf 1 O 
leaf 1 OAWX 
leaf 1 OL 
leaf 1 OMSAS 
leaf 1 ONQWC 
leaf 1 OOMOIU 
leaf 1 OTNUZBFQUY 
branch 5
leaf 1 P 
leaf 1 PQG 
leaf 2 PRIWJAG PRP 
leaf 1 PTUDX 
leaf 2 PXZMX PXCD 
branch 6
leaf 1 Q 
leaf 1 QBD 
leaf 1 QC 
leaf 1 QQK 
leaf 1 QRPA 
leaf 1 QZOQI 
branch 5
leaf 2 RCQHVFA RC 
leaf 1 RI 
leaf 1 RNT 
leaf 1 RQ 
leaf 2 RZODFTGWIZ RZLMXCS 
branch 6
leaf 1 S 
leaf 1 SDZ 
leaf 1 SGGX 
leaf 1 SH 
leaf 2 SMJJX SMG 
leaf 2 SPRJ SP 
branch 7
leaf 1 T 
leaf 1 TAIHVNDTB 
leaf 1 TCT 
leaf 2 TE TEKS 
leaf 1 THBU 
leaf 1 TI 
leaf 1 TVREN 
branch 5
leaf 1 U 
leaf 1 UCOVQCQBU 
leaf 1 UDHL 
leaf 1 UGCO 
leaf 1 UV 
branch 6
leaf 1 VAR 
leaf 1 VDKGD 
leaf 1 VFVDDM 
leaf 2 VLRHFWH VLG 
leaf 2 VN VNOJOYKA 
leaf 1 VPJAH 
branch 6
leaf 1 W 
leaf 2 WECPW WECDDPK 
leaf 1 WKNSZPXC 
leaf 1 WLZMFD 
leaf 1 WQMSI 
leaf 1 WSPG 
branch 4
leaf 1 XIEG 
leaf 2 XJXTM XJG 
leaf 1 XTXMGTN 
leaf 1 XZIN 
branch 3
leaf 1 Y 
leaf 1 YIYCM 
leaf 1 YWZE 
branch 5
leaf 1 Z 
leaf 1 ZBFVIN 
leaf 1 ZEZR 
leaf 1 ZFG 
leaf 1 ZNHWTRP 
branch 26
branch 9
leaf 1 A 
leaf 1 AB 
leaf 2 ACRLZWROH ACVVN 
leaf 1 ALCK 
leaf 1 AMJ 
leaf 1 AQFP 
leaf 1 ARGM 
leaf 1 ASN 
leaf 1 AW 
branch 4
leaf 1 B 
leaf 1 BB 
leaf 1 BN 
leaf 1 BOBRG 
branch 5
leaf 1 C 
leaf 1 CGSJU 
leaf 1 CP 
leaf 1 CUVR 
leaf 1 CVAAMUV 
branch 6
leaf 1 D 
leaf 1 DENWQ 
leaf 1 DKWD 
leaf 2 DNWBV DNQEPLVHB 
leaf 1 DWC 
leaf 1 DY 
branch 7
leaf 1 EBQEN 
leaf 1 EDTRCLVFZB 
leaf 1 EPO 
leaf 1 ETVCHOP 
leaf 1 EVYWD 
leaf 1 EX 
leaf 1 EYS 
branch 6
leaf 1 F 
leaf 1 FBAGN 
leaf 1 FDN 
leaf 1 FKWUSHDX 
leaf 1 FLFVP 
leaf 1 FTUXK 
branch 6
leaf 1 G 
leaf 1 GAI 
leaf 1 GLW 
leaf 2 GM GMCOLCKD 
leaf 3 GP GPFJG GPZD 
leaf 1 GXNNE 
branch 2
leaf 2 HFU HFG 
leaf 1 HQNDFN 
branch 2
leaf 1 IO 
leaf 1 IUE 
branch 3
leaf 1 JKOSXV 
leaf 1 JYKE 
leaf 1 JZEE 
branch 7
leaf 1 K 
leaf 1 KA 
leaf 1 KNRGUT 
leaf 1 KOK 
leaf 1 KQTUC 
leaf 2 KYIMGYOUZ KY 
leaf 1 KZNB 
branch 9
leaf 1 L 
leaf 1 LACZ 
leaf 1 LFCS 
leaf 1 LJV 
leaf 1 LKES 
leaf 1 LOVX 
leaf 1 LQN 
leaf 1 LSFC 
leaf 2 LV LVKK 
branch 7
leaf 1 M 
leaf 1 MB 
leaf 1 MDMYSI 
leaf 1 MGLRSID 
leaf 1 MRH 
leaf 1 MVBVVPS 
leaf 1 MYX 
branch 3
leaf 1 NADMXSARQ 
leaf 1 NF 
leaf 1 NL 
branch 6
leaf 1 O 
leaf 1 OAWX 
leaf 1 OL 
leaf 1 OMSAS 
leaf 1 ONQWC 
leaf 1 OTNUZBFQUY 
branch 5
leaf 1 P 
leaf 1 PQG 
leaf 2 PRIWJAG PRP 
leaf 1 PTUDX 
leaf 2 PXZMX PXCD 
branch 6
leaf 1 QBD 
leaf 1 QC 
leaf 1 QKS 
leaf 1 QQK 
leaf 1 QRPA 
leaf 1 QZOQI 
branch 6
leaf 1 R 
leaf 2 RCQHVFA RC 
leaf 2 RISEJ RI 
leaf 1 RNT 
leaf 1 RQ 
leaf 2 RZODFTGWIZ RZLMXCS 
branch 6
leaf 1 S 
leaf 1 SDZ 
leaf 1 SGGX 
leaf 1 SH 
leaf 2 SMJJX SMG 
leaf 2 SPRJ SP 
branch 8
leaf 1 T 
leaf 2 TAEOILT TAIHVNDTB 
leaf 1 TCT 
leaf 2 TE TEKS 
leaf 1 THBU 
leaf 1 TI 
leaf 1 TQ 
leaf 1 TVREN 
branch 4
leaf 1 U 
leaf 1 UCOVQCQBU 
leaf 1 UDHL 
leaf 1 UV 
branch 6
leaf 1 VAR 
leaf 1 VDKGD 
leaf 1 VFVDDM 
leaf 2 VLRHFWH VLG 
leaf 2 VN VNOJOYKA 
leaf 1 VPJAH 
branch 8
leaf 1 W 
leaf 3 WEYL WECPW WECDDPK 
leaf 1 WKNSZPXC 
leaf 1 WLZMFD 
leaf 1 WM 
leaf 1 WO 
leaf 1 WQMSI 
leaf 1 WSPG 
branch 4
leaf 1 XIEG 
leaf 2 XJXTM XJG 
leaf 1 XTXMGTN 
leaf 1 XZIN 
branch 4
leaf 1 Y 
leaf 1 YCW 
leaf 1 YIYCM 
leaf 1 YWZE 
branch 7
leaf 1 Z 
leaf 1 ZBFVIN 
leaf 1 ZEZR 
leaf 1 ZFG 
leaf 1 ZNHWTRP 
leaf 1 ZTTXM 
leaf 1 ZUF 
branch 26
branch 10
leaf 1 A 
leaf 1 AB 
leaf 2 ACRLZWROH ACVVN 
leaf 1 ALCK 
leaf 1 AMJ 
leaf 1 AQFP 
leaf 1 ARGM 
leaf 1 ASN 
leaf 1 AW 
leaf 1 AXQV 
branch 5
leaf 1 B 
leaf 1 BB 
leaf 1 BCS 
leaf 1 BN 
leaf 1 BOBRG 
branch 5
leaf 1 C 
leaf 2 CG CGSJU 
leaf 1 CP 
leaf 1 CUVR 
leaf 2 CVOX CVAAMUV 
branch 6
leaf 1 D 
leaf 1 DENWQ 
leaf 1 DKWD 
leaf 2 DNWBV DNQEPLVHB 
leaf 1 DWC 
leaf 1 DY 
branch 8
leaf 1 EBQEN 
leaf 1 ECXTO 
leaf 1 EPO 
leaf 1 ETVCHOP 
leaf 2 EVZD EVYWD 
leaf 1 EWNDJA 
leaf 1 EX 
leaf 1 EYS 
branch 6
leaf 1 F 
leaf 1 FBAGN 
leaf 1 FDN 
leaf 1 FKWUSHDX 
leaf 1 FLFVP 
leaf 1 FTUXK 
branch 6
leaf 1 G 
leaf 1 GAI 
leaf 1 GLW 
leaf 2 GM GMCOLCKD 
leaf 3 GP GPFJG GPZD 
leaf 1 GXNNE 
branch 2
leaf 2 HFU HFG 
leaf 1 HQNDFN 
branch 3
leaf 1 IAO 
leaf 1 IO 
leaf 1 IUE 
branch 4
leaf 1 J 
leaf 1 JKOSXV 
leaf 1 JYKE 
leaf 1 JZEE 
branch 9
leaf 1 K 
leaf 1 KA 
leaf 1 KNRGUT 
leaf 1 KOK 
leaf 1 KQTUC 
leaf 1 KWIUQ 
leaf 1 KX 
leaf 2 KYIMGYOUZ KY 
leaf 1 KZNB 
branch 9
leaf 1 L 
leaf 1 LACZ 
leaf 1 LFCS 
leaf 1 LJV 
leaf 1 LKES 
leaf 1 LOVX 
leaf 1 LQN 
leaf 1 LSFC 
leaf 2 LV LVKK 
branch 8
leaf 1 M 
leaf 1 MB 
leaf 1 MDMYSI 
leaf 1 MGLRSID 
leaf 1 MRH 
leaf 1 MVBVVPS 
leaf 1 MYX 
leaf 1 MZVF 
branch 5
leaf 1 NADMXSARQ 
leaf 1 NEYILGQ 
leaf 1 NF 
leaf 1 NL 
leaf 1 NQ 
branch 6
leaf 1 O 
leaf 1 OAWX 
leaf 1 OL 
leaf 1 OMSAS 
leaf 1 ONQWC 
leaf 1 OTNUZBFQUY 
branch 8
leaf 1 P 
leaf 1 PCJWE 
leaf 1 PL 
leaf 1 PPTP 
leaf 1 PQG 
leaf 2 PRIWJAG PRP 
leaf 1 PTUDX 
leaf 2 PXZMX PXCD 
branch 7
leaf 1 QBD 
leaf 1 QC 
leaf 1 QKS 
leaf 1 QQK 
leaf 1 QRPA 
leaf 1 QXYBGSF 
leaf 1 QZOQI 
branch 7
leaf 1 R 
leaf 2 RCQHVFA RC 
leaf 2 RISEJ RI 
leaf 1 RNT 
leaf 1 RQ 
leaf 1 RSK 
leaf 2 RZODFTGWIZ RZLMXCS 
branch 7
leaf 1 S 
leaf 1 SDZ 
leaf 1 SGGX 
leaf 1 SH 
leaf 1 SLDPE 
leaf 1 SMG 
leaf 2 SPRJ SP 
branch 8
leaf 1 T 
leaf 2 TAEOILT TAIHVNDTB 
leaf 1 TCT 
leaf 2 TE TEKS 
leaf 1 THBU 
leaf 1 TI 
leaf 1 TQ 
leaf 1 TVREN 
branch 4
leaf 1 U 
leaf 1 UCOVQCQBU 
leaf 1 UDHL 
leaf 1 UV 
branch 6
leaf 1 V 
leaf 1 VDKGD 
leaf 1 VFVDDM 
leaf 2 VLRHFWH VLG 
leaf 2 VN VNOJOYKA 
leaf 1 VPJAH 
branch 8
leaf 1 W 
leaf 3 WEYL WECPW WECDDPK 
leaf 1 WKNSZPXC 
leaf 1 WLZMFD 
leaf 1 WM 
leaf 1 WO 
leaf 1 WQMSI 
leaf 1 WSPG 
branch 5
leaf 1 XIEG 
leaf 2 XJXTM XJG 
leaf 1 XKSX 
leaf 1 XTXMGTN 
leaf 1 XZIN 
branch 5
leaf 1 Y 
leaf 1 YCW 
leaf 2 YI YIYCM 
leaf 1 YV 
leaf 1 YWZE 
branch 9
leaf 1 Z 
leaf 1 ZBFVIN 
leaf 1 ZEZR 
leaf 1 ZFG 
leaf 1 ZJ 
leaf 1 ZNHWTRP 
leaf 1 ZTTXM 
leaf 1 ZUF 
leaf 1 ZYA 
branch 26
branch 10
leaf 1 A 
leaf 1 AB 
leaf 2 ACRLZWROH ACVVN 
leaf 1 ALCK 
leaf 1 AMJ 
leaf 1 AQFP 
leaf 1 ARGM 
leaf 1 ASN 
leaf 1 AW 
leaf 1 AXQV 
branch 5
leaf 1 B 
leaf 1 BB 
leaf 1 BCS 
leaf 1 BN 
leaf 1 BOBRG 
branch 6
leaf 1 C 
leaf 1 CDLV 
leaf 2 CG CGSJU 
leaf 1 CP 
leaf 1 CUVR 
leaf 2 CVOX CVAAMUV 
branch 8
leaf 1 D 
leaf 1 DCDOH 
leaf 1 DDMMSKI 
leaf 1 DENWQ 
leaf 1 DKWD 
leaf 2 DNWBV DNQEPLVHB 
leaf 1 DWC 
leaf 1 DY 
branch 9
leaf 1 E 
leaf 1 EBQEN 
leaf 1 ECXTO 
leaf 1 EPO 
leaf 1 ETVCHOP 
leaf 2 EVZD EVYWD 
leaf 1 EWNDJA 
leaf 1 EX 
leaf 2 EYZJNMYU EYS 
branch 8
leaf 1 F 
leaf 1 FA 
leaf 1 FBAGN 
leaf 1 FDN 
leaf 1 FKWUSHDX 
leaf 1 FLFVP 
leaf 1 FTUXK 
leaf 1 FX 
branch 8
leaf 1 G 
leaf 1 GAI 
leaf 1 GH 
leaf 1 GLW 
leaf 2 GM GMCOLCKD 
leaf 3 GP GPFJG GPZD 
leaf 1 GUGZI 
leaf 1 GXNNE 
branch 2
leaf 3 HFGN HFU HFG 
leaf 1 HQNDFN 
branch 4
leaf 1 IAO 
leaf 1 IO 
leaf 1 IPSDV 
leaf 1 IUE 
branch 5
leaf 1 J 
leaf 1 JAPF 
leaf 1 JKOSXV 
leaf 1 JYKE 
leaf 1 JZEE 
branch 8
leaf 1 K 
leaf 1 KA 
leaf 1 KNRGUT 
leaf 1 KOK 
leaf 1 KWIUQ 
leaf 1 KX 
leaf 2 KYIMGYOUZ KY 
leaf 1 KZNB 
branch 10
leaf 1 L 
leaf 1 LACZ 
leaf 2 LFK LFCS 
leaf 1 LJV 
leaf 1 LKES 
leaf 1 LOVX 
leaf 1 LQN 
leaf 1 LRBXX 
leaf 1 LSFC 
leaf 2 LV LVKK 
branch 8
leaf 1 M 
leaf 1 MB 
leaf 1 MDMYSI 
leaf 1 MGLRSID 
leaf 1 MRH 
leaf 1 MVBVVPS 
leaf 1 MYX 
leaf 1 MZVF 
branch 5
leaf 1 NADMXSARQ 
leaf 1 NEYILGQ 
leaf 1 NF 
leaf 1 NL 
leaf 1 NQ 
branch 6
leaf 1 O 
leaf 1 OAWX 
leaf 1 OL 
leaf 1 OMSAS 
leaf 1 ONQWC 
leaf 1 OTNUZBFQUY 
branch 7
leaf 1 P 
leaf 1 PCJWE 
leaf 1 PPTP 
leaf 1 PQG 
leaf 2 PRIWJAG PRP 
leaf 1 PTUDX 
leaf 2 PXZMX PXCD 
branch 6
leaf 1 QBD 
leaf 1 QC 
leaf 1 QKS 
leaf 1 QQK 
leaf 1 QRPA 
leaf 1 QXYBGSF 
branch 8
leaf 1 R 
leaf 1 RBBZA 
leaf 2 RCQHVFA RC 
leaf 2 RISEJ RI 
leaf 1 RNT 
leaf 1 RQ 
leaf 1 RSK 
leaf 2 RZODFTGWIZ RZLMXCS 
branch 9
leaf 1 S 
leaf 1 SDZ 
leaf 1 SGGX 
leaf 1 SH 
leaf 1 SLDPE 
leaf 1 SMG 
leaf 1 SNR 
leaf 2 SPRJ SP 
leaf 1 STO 
branch 9
leaf 1 T 
leaf 2 TAEOILT TAIHVNDTB 
leaf 1 TB 
leaf 1 TCT 
leaf 2 TE TEKS 
leaf 1 THBU 
leaf 1 TI 
leaf 1 TQ 
leaf 1 TVREN 
branch 7
leaf 1 U 
leaf 1 UCOVQCQBU 
leaf 1 UDHL 
leaf 1 UGHDCUMLFU 
leaf 1 UOVK 
leaf 1 UV 
leaf 1 UYLE 
branch 7
leaf 1 V 
leaf 1 VDKGD 
leaf 1 VFVDDM 
leaf 2 VLRHFWH VLG 
leaf 2 VN VNOJOYKA 
leaf 1 VPJAH 
leaf 1 VXDMVQ 
branch 8
leaf 1 W 
leaf 3 WEYL WECPW WECDDPK 
leaf 1 WKNSZPXC 
leaf 1 WLZMFD 
leaf 1 WM 
leaf 1 WO 
leaf 1 WQMSI 
leaf 1 WSPG 
branch 6
leaf 1 XIEG 
leaf 2 XJXTM XJG 
leaf 1 XKSX 
leaf 1 XTXMGTN 
leaf 1 XXGQVF 
leaf 1 XZIN 
branch 5
leaf 1 Y 
leaf 1 YCW 
leaf 2 YI YIYCM 
leaf 1 YV 
leaf 1 YWZE 
branch 8
leaf 1 ZBFVIN 
leaf 2 ZEEB ZEZR 
leaf 1 ZFG 
leaf 1 ZJ 
leaf 1 ZNHWTRP 
leaf 1 ZTTXM 
leaf 1 ZUF 
leaf 2 ZYZ ZYA 
branch 26
branch 9
leaf 1 A 
leaf 2 ACRLZWROH ACVVN 
leaf 1 ALCK 
leaf 1 AMJ 
leaf 1 AQFP 
leaf 1 ARGM 
leaf 1 ASN 
leaf 1 AW 
leaf 1 AXQV 
branch 6
leaf 1 B 
leaf 1 BA 
leaf 1 BCS 
leaf 1 BGR 
leaf 1 BN 
leaf 1 BOBRG 
branch 7
leaf 1 C 
leaf 1 CDLV 
leaf 2 CG CGSJU 
leaf 1 CP 
leaf 1 CUVR 
leaf 2 CVOX CVAAMUV 
leaf 1 CWJQL 
branch 10
leaf 1 D 
leaf 1 DCDOH 
leaf 1 DDMMSKI 
leaf 1 DENWQ 
leaf 1 DH 
leaf 1 DKWD 
leaf 2 DNWBV DNQEPLVHB 
leaf 1 DRLNVEARF 
leaf 1 DWC 
leaf 1 DY 
branch 9
leaf 1 E 
leaf 1 EBQEN 
leaf 1 ECXTO 
leaf 1 EPO 
leaf 1 ETVCHOP 
leaf 2 EVZD EVYWD 
leaf 1 EWNDJA 
leaf 1 EX 
leaf 2 EYZJNMYU EYS 
branch 8
leaf 1 F 
leaf 1 FA 
leaf 1 FBAGN 
leaf 1 FDN 
leaf 1 FKWUSHDX 
leaf 2 FLKRY FLFVP 
leaf 1 FTUXK 
leaf 1 FX 
branch 9
leaf 1 G 
leaf 1 GAI 
leaf 1 GH 
leaf 1 GLW 
leaf 2 GM GMCOLCKD 
leaf 3 GP GPFJG GPZD 
leaf 1 GT 
leaf 2 GUFYUEWG GUGZI 
leaf 1 GXNNE 
branch 2
leaf 3 HFGN HFU HFG 
leaf 1 HQNDFN 
branch 4
leaf 1 IAO 
leaf 1 IO 
leaf 1 IPSDV 
leaf 1 IUE 
branch 6
leaf 1 J 
leaf 1 JAPF 
leaf 1 JHYDH 
leaf 1 JKOSXV 
leaf 1 JYKE 
leaf 1 JZEE 
branch 9
leaf 1 K 
leaf 1 KA 
leaf 1 KMY 
leaf 1 KNRGUT 
leaf 1 KOK 
leaf 1 KWIUQ 
leaf 1 KX 
leaf 2 KYIMGYOUZ KY 
leaf 1 KZNB 
branch 12
leaf 1 L 
leaf 1 LACZ 
leaf 1 LEO 
leaf 2 LFK LFCS 
leaf 1 LHMWE 
leaf 1 LJV 
leaf 1 LKES 
leaf 2 LOQUFZS LOVX 
leaf 1 LQN 
leaf 1 LRBXX 
leaf 1 LSFC 
leaf 1 LVKK 
branch 11
leaf 1 M 
leaf 1 MB 
leaf 1 MDMYSI 
leaf 1 MEHF 
leaf 1 MGLRSID 
leaf 1 MPNMWSM 
leaf 1 MRH 
leaf 1 MVBVVPS 
leaf 1 MXIJW 
leaf 1 MYX 
leaf 1 MZVF 
branch 6
leaf 1 NADMXSARQ 
leaf 1 NEYILGQ 
leaf 1 NF 
leaf 1 NL 
leaf 1 NPFM 
leaf 1 NQ 
branch 6
leaf 1 O 
leaf 1 OAWX 
leaf 1 OL 
leaf 1 OMSAS 
leaf 1 ONQWC 
leaf 1 OTNUZBFQUY 
branch 8
leaf 1 P 
leaf 1 PCJWE 
leaf 1 PF 
leaf 1 PPTP 
leaf 1 PQG 
leaf 2 PRIWJAG PRP 
leaf 1 PTUDX 
leaf 2 PXZMX PXCD 
branch 6
leaf 1 QBD 
leaf 1 QC 
leaf 1 QKS 
leaf 1 QQK 
leaf 1 QRPA 
leaf 1 QXYBGSF 
branch 8
leaf 1 R 
leaf 1 RBBZA 
leaf 2 RCQHVFA RC 
leaf 2 RISEJ RI 
leaf 1 RNT 
leaf 1 RQ 
leaf 1 RSK 
leaf 2 RZODFTGWIZ RZLMXCS 
branch 10
leaf 1 S 
leaf 1 SDZ 
leaf 2 SGSBF SGGX 
leaf 1 SH 
leaf 1 SLDPE 
leaf 1 SMG 
leaf 1 SNR 
leaf 2 SPRJ SP 
leaf 1 SSRP 
leaf 1 STO 
branch 9
leaf 1 T 
leaf 2 TAEOILT TAIHVNDTB 
leaf 1 TB 
leaf 1 TCT 
leaf 2 TE TEKS 
leaf 1 THBU 
leaf 1 TI 
leaf 1 TPV 
leaf 1 TVREN 
branch 8
leaf 1 U 
leaf 1 UCOVQCQBU 
leaf 1 UDHL 
leaf 1 UE 
leaf 1 UGHDCUMLFU 
leaf 1 UOVK 
leaf 1 UV 
leaf 1 UYLE 
branch 7
leaf 1 V 
leaf 1 VDKGD 
leaf 1 VFVDDM 
leaf 2 VLRHFWH VLG 
leaf 2 VN VNOJOYKA 
leaf 1 VPJAH 
leaf 1 VXDMVQ 
branch 8
leaf 1 W 
leaf 3 WEYL WECPW WECDDPK 
leaf 1 WKNSZPXC 
leaf 1 WLZMFD 
leaf 1 WM 
leaf 2 WOQDK WO 
leaf 1 WQMSI 
leaf 1 WSPG 
branch 7
leaf 1 XIEG 
leaf 2 XJXTM XJG 
leaf 1 XKSX 
leaf 1 XOQH 
leaf 1 XTXMGTN 
leaf 1 XXGQVF 
leaf 1 XZIN 
branch 5
leaf 1 Y 
leaf 1 YCW 
leaf 2 YI YIYCM 
leaf 1 YV 
leaf 1 YWZE 
branch 9
leaf 1 ZBFVIN 
leaf 2 ZEEB ZEZR 
leaf 1 ZFG 
leaf 1 ZJ 
leaf 1 ZNHWTRP 
leaf 1 ZR 
leaf 1 ZTTXM 
leaf 1 ZUF 
leaf 2 ZYZ ZYA 
branch 26
branch 10
leaf 1 A 
leaf 2 ACRLZWROH ACVVN 
leaf 1 AKDPN 
leaf 1 ALCK 
leaf 1 AMJ 
leaf 1 AQFP 
leaf 1 ARGM 
leaf 1 ASN 
leaf 1 AW 
leaf 1 AXQV 
branch 7
leaf 1 B 
leaf 1 BA 
leaf 1 BCS 
leaf 1 BGR 
leaf 1 BN 
leaf 1 BOBRG 
leaf 1 BYN 
branch 8
leaf 1 C 
leaf 1 CA 
leaf 1 CDLV 
leaf 2 CG CGSJU 
leaf 1 CP 
leaf 1 CUVR 
leaf 2 CVOX CVAAMUV 
leaf 1 CWJQL 
branch 10
leaf 1 D 
leaf 1 DCDOH 
leaf 1 DDMMSKI 
leaf 1 DENWQ 
leaf 1 DH 
leaf 1 DKWD 
leaf 2 DNWBV DNQEPLVHB 
leaf 1 DRLNVEARF 
leaf 1 DWC 
leaf 1 DY 
branch 9
leaf 1 EBQEN 
leaf 1 ECXTO 
leaf 1 EPO 
leaf 1 ETVCHOP 
leaf 1 EU 
leaf 2 EVZD EVYWD 
leaf 1 EWNDJA 
leaf 1 EX 
leaf 2 EYZJNMYU EYS 
branch 8
leaf 1 F 
leaf 1 FA 
leaf 1 FBAGN 
leaf 1 FDN 
leaf 1 FKWUSHDX 
leaf 2 FLKRY FLFVP 
leaf 1 FTUXK 
leaf 1 FX 
branch 9
leaf 1 G 
leaf 1 GAI 
leaf 1 GH 
leaf 1 GLW 
leaf 2 GM GMCOLCKD 
leaf 3 GP GPFJG GPZD 
leaf 1 GT 
leaf 2 GUFYUEWG GUGZI 
leaf 1 GXNNE 
branch 3
leaf 3 HFGN HFU HFG 
leaf 1 HQNDFN 
leaf 1 HVPPD 
branch 5
leaf 1 IAO 
leaf 1 IHVQ 
leaf 1 IO 
leaf 1 IPSDV 
leaf 1 IUE 
branch 7
leaf 1 J 
leaf 1 JAPF 
leaf 1 JHYDH 
leaf 1 JJNIB 
leaf 1 JKOSXV 
leaf 1 JYKE 
leaf 1 JZEE 
branch 12
leaf 1 K 
leaf 1 KA 
leaf 1 KCVVNFBYW 
leaf 1 KJ 
leaf 1 KL 
leaf 1 KMY 
leaf 1 KNRGUT 
leaf 1 KOK 
leaf 1 KWIUQ 
leaf 1 KX 
leaf 2 KYIMGYOUZ KY 
leaf 1 KZNB 
branch 13
leaf 1 LACZ 
leaf 1 LEO 
leaf 2 LFK LFCS 
leaf 1 LHMWE 
leaf 1 LIIJR 
leaf 1 LJV 
leaf 1 LKES 
leaf 2 LOQUFZS LOVX 
leaf 1 LQN 
leaf 1 LRBXX 
leaf 1 LSFC 
leaf 1 LVKK 
leaf 1 LZKZ 
branch 9
leaf 1 M 
leaf 1 MDMYSI 
leaf 1 MEHF 
leaf 1 MPNMWSM 
leaf 1 MRH 
leaf 1 MVBVVPS 
leaf 1 MXIJW 
leaf 1 MYX 
leaf 1 MZVF 
branch 6
leaf 1 NADMXSARQ 
leaf 1 NEYILGQ 
leaf 1 NF 
leaf 1 NL 
leaf 1 NPFM 
leaf 1 NQ 
branch 6
leaf 1 O 
leaf 1 OI 
leaf 1 OL 
leaf 1 OMSAS 
leaf 1 ONQWC 
leaf 1 OTNUZBFQUY 
branch 10
leaf 1 P 
leaf 1 PAZM 
leaf 2 PCP PCJWE 
leaf 1 PF 
leaf 1 PPTP 
leaf 1 PQG 
leaf 2 PRIWJAG PRP 
leaf 1 PTUDX 
leaf 2 PXZMX PXCD 
leaf 1 PYKS 
branch 8
leaf 1 QBD 
leaf 1 QC 
leaf 1 QKS 
leaf 1 QQK 
leaf 1 QRPA 
leaf 1 QXYBGSF 
leaf 1 QYEXMVHN 
leaf 1 QZDN 
branch 8
leaf 1 R 
leaf 1 RBBZA 
leaf 2 RCQHVFA RC 
leaf 2 RISEJ RI 
leaf 1 RNT 
leaf 1 RQ 
leaf 1 RSK 
leaf 2 RZODFTGWIZ RZLMXCS 
branch 10
leaf 1 S 
leaf 1 SDZ 
leaf 1 SGSBF 
leaf 1 SH 
leaf 1 SLDPE 
leaf 1 SMG 
leaf 1 SNR 
leaf 2 SPRJ SP 
leaf 1 SSRP 
leaf 1 STO 
branch 9
leaf 1 T 
leaf 2 TAEOILT TAIHVNDTB 
leaf 1 TB 
leaf 1 TCT 
leaf 2 TE TEKS 
leaf 1 THBU 
leaf 1 TI 
leaf 1 TPV 
leaf 1 TVREN 
branch 8
leaf 1 U 
leaf 1 UCOVQCQBU 
leaf 1 UDHL 
leaf 1 UE 
leaf 1 UGHDCUMLFU 
leaf 1 UOVK 
leaf 1 UV 
leaf 1 UYLE 
branch 7
leaf 1 V 
leaf 1 VDKGD 
leaf 1 VFVDDM 
leaf 2 VLRHFWH VLG 
leaf 2 VN VNOJOYKA 
leaf 2 VP VPJAH 
leaf 1 VXDMVQ 
branch 8
leaf 1 W 
leaf 3 WEYL WECPW WECDDPK 
leaf 1 WKNSZPXC 
leaf 1 WLZMFD 
leaf 1 WM 
leaf 2 WOQDK WO 
leaf 1 WQMSI 
leaf 1 WSPG 
branch 7
leaf 1 XIEG 
leaf 2 XJXTM XJG 
leaf 1 XKSX 
leaf 1 XOQH 
leaf 1 XTXMGTN 
leaf 1 XXGQVF 
leaf 1 XZIN 
branch 6
leaf 1 Y 
leaf 1 YCW 
leaf 1 YIYCM 
leaf 1 YOPNHZUAUP 
leaf 1 YV 
leaf 1 YWZE 
branch 11
leaf 1 ZBFVIN 
leaf 2 ZEEB ZEZR 
leaf 1 ZFG 
leaf 1 ZJ 
leaf 1 ZNHWTRP 
leaf 1 ZR 
leaf 1 ZTTXM 
leaf 1 ZUF 
leaf 1 ZVZLO 
leaf 1 ZWJ 
leaf 2 ZYZ ZYA 
branch 26
branch 10
leaf 1 A 
leaf 2 ACRLZWROH ACVVN 
leaf 1 AKDPN 
leaf 2 AL ALCK 
leaf 2 AMM AMJ 
leaf 1 AQFP 
leaf 1 ARGM 
leaf 1 ASN 
leaf 1 AW 
leaf 1 AXQV 
branch 7
leaf 1 B 
leaf 1 BA 
leaf 1 BCS 
leaf 2 BGZWV BGR 
leaf 1 BN 
leaf 1 BOBRG 
leaf 1 BYN 
branch 8
leaf 1 C 
leaf 1 CA 
leaf 1 CDLV 
leaf 2 CG CGSJU 
leaf 1 CP 
leaf 1 CUVR 
leaf 2 CVOX CVAAMUV 
leaf 1 CWJQL 
branch 12
leaf 1 D 
leaf 1 DCDOH 
leaf 1 DDMMSKI 
leaf 1 DENWQ 
leaf 1 DGUT 
leaf 1 DH 
leaf 1 DKWD 
leaf 2 DNWBV DNQEPLVHB 
leaf 1 DO 
leaf 1 DRLNVEARF 
leaf 1 DWC 
leaf 1 DY 
branch 8
leaf 1 EBQEN 
leaf 1 ECXTO 
leaf 1 EPO 
leaf 1 ETVCHOP 
leaf 1 EU 
leaf 2 EVZD EVYWD 
leaf 1 EX 
leaf 2 EYZJNMYU EYS 
branch 9
leaf 1 F 
leaf 1 FA 
leaf 1 FBAGN 
leaf 1 FDN 
leaf 2 FKY FKWUSHDX 
leaf 2 FLKRY FLFVP 
leaf 1 FRGUC 
leaf 1 FTUXK 
leaf 1 FX 
branch 9
leaf 1 G 
leaf 1 GAI 
leaf 1 GH 
leaf 1 GLW 
leaf 2 GM GMCOLCKD 
leaf 3 GP GPFJG GPZD 
leaf 1 GT 
leaf 2 GUFYUEWG GUGZI 
leaf 1 GXNNE 
branch 6
leaf 1 HCS 
leaf 3 HFGN HFU HFG 
leaf 1 HHX 
leaf 1 HQNDFN 
leaf 1 HSG 
leaf 1 HVPPD 
branch 7
leaf 2 IAAWA IAO 
leaf 1 IHVQ 
leaf 1 IO 
leaf 1 IPSDV 
leaf 1 IQ 
leaf 1 ISEHE 
leaf 1 IUE 
branch 7
leaf 1 J 
leaf 1 JAPF 
leaf 1 JHYDH 
leaf 1 JJNIB 
leaf 1 JKOSXV 
leaf 1 JYKE 
leaf 1 JZEE 
branch 11
leaf 1 K 
leaf 1 KA 
leaf 1 KCVVNFBYW 
leaf 1 KJ 
leaf 1 KL 
leaf 2 KM KMY 
leaf 1 KNRGUT 
leaf 1 KOK 
leaf 1 KX 
leaf 2 KYIMGYOUZ KY 
leaf 1 KZNB 
branch 13
leaf 1 LACZ 
leaf 1 LEO 
leaf 2 LFK LFCS 
leaf 1 LHMWE 
leaf 1 LIIJR 
leaf 1 LJV 
leaf 1 LKES 
leaf 2 LOQUFZS LOVX 
leaf 1 LQN 
leaf 1 LRBXX 
leaf 1 LSFC 
leaf 1 LVKK 
leaf 1 LZKZ 
branch 9
leaf 1 M 
leaf 1 MDMYSI 
leaf 1 MEHF 
leaf 1 MPNMWSM 
leaf 1 MRH 
leaf 1 MVBVVPS 
leaf 1 MXIJW 
leaf 1 MYX 
leaf 1 MZVF 
branch 8
leaf 1 NADMXSARQ 
leaf 1 NEYILGQ 
leaf 1 NF 
leaf 1 NL 
leaf 1 NPFM 
leaf 1 NQ 
leaf 1 NSXRE 
leaf 1 NVMCF 
branch 8
leaf 1 O 
leaf 1 OI 
leaf 1 OL 
leaf 1 OMSAS 
leaf 1 ONQWC 
leaf 1 OO 
leaf 1 OTNUZBFQUY 
leaf 1 OVV 
branch 10
leaf 1 P 
leaf 1 PAZM 
leaf 2 PCP PCJWE 
leaf 1 PF 
leaf 1 PPTP 
leaf 1 PQG 
leaf 1 PRIWJAG 
leaf 1 PTUDX 
leaf 2 PXZMX PXCD 
leaf 1 PYKS 
branch 9
leaf 1 Q 
leaf 1 QBD 
leaf 1 QC 
leaf 1 QKS 
leaf 1 QQK 
leaf 1 QRPA 
leaf 1 QXYBGSF 
leaf 1 QYEXMVHN 
leaf 1 QZDN 
branch 10
leaf 1 R 
leaf 1 RBBZA 
leaf 2 RCQHVFA RC 
leaf 2 RISEJ RI 
leaf 1 RNT 
leaf 1 RQ 
leaf 1 RRRIF 
leaf 1 RSK 
leaf 1 RUB 
leaf 2 RZODFTGWIZ RZLMXCS 
branch 10
leaf 1 S 
leaf 1 SDZ 
leaf 1 SGSBF 
leaf 2 SHHPRPIJ SH 
leaf 1 SLDPE 
leaf 1 SMG 
leaf 1 SNR 
leaf 2 SPRJ SP 
leaf 1 SSRP 
leaf 1 STO 
branch 9
leaf 1 T 
leaf 2 TAEOILT TAIHVNDTB 
leaf 1 TB 
leaf 1 TCT 
leaf 2 TE TEKS 
leaf 2 TH THBU 
leaf 1 TI 
leaf 1 TPV 
leaf 1 TVREN 
branch 9
leaf 1 U 
leaf 1 UCOVQCQBU 
leaf 1 UDHL 
leaf 1 UE 
leaf 1 UGHDCUMLFU 
leaf 1 UOVK 
leaf 1 UQ 
leaf 1 UV 
leaf 1 UYLE 
branch 7
leaf 1 V 
leaf 1 VDKGD 
leaf 1 VFVDDM 
leaf 2 VLRHFWH VLG 
leaf 2 VN VNOJOYKA 
leaf 2 VP VPJAH 
leaf 1 VXDMVQ 
branch 9
leaf 1 W 
leaf 3 WEYL WECPW WECDDPK 
leaf 1 WKNSZPXC 
leaf 1 WLZMFD 
leaf 1 WM 
leaf 2 WOQDK WO 
leaf 1 WQMSI 
leaf 1 WSPG 
leaf 1 WXHR 
branch 7
leaf 1 XIEG 
leaf 2 XJXTM XJG 
leaf 1 XKSX 
leaf 1 XOQH 
leaf 1 XTXMGTN 
leaf 1 XXGQVF 
leaf 1 XZIN 
branch 6
leaf 1 Y 
leaf 1 YCW 
leaf 1 YIYCM 
leaf 1 YOPNHZUAUP 
leaf 1 YV 
leaf 1 YWZE 
branch 12
leaf 1 ZBFVIN 
leaf 2 ZEEB ZEZR 
leaf 1 ZFG 
leaf 1 ZJ 
leaf 1 ZNHWTRP 
leaf 1 ZR 
leaf 1 ZTTXM 
leaf 1 ZUF 
leaf 1 ZVZLO 
leaf 1 ZWJ 
leaf 2 ZYZ ZYA 
leaf 1 ZZ 
branch 26
branch 10
leaf 1 A 
leaf 2 ACRLZWROH ACVVN 
leaf 1 AKDPN 
leaf 2 AL ALCK 
leaf 2 AMM AMJ 
leaf 1 AQFP 
leaf 1 ARGM 
leaf 1 ASN 
leaf 1 AW 
leaf 1 AXQV 
branch 7
leaf 1 B 
leaf 1 BA 
leaf 1 BCS 
leaf 2 BGZWV BGR 
leaf 1 BN 
leaf 1 BOBRG 
leaf 2 BYPKK BYN 
branch 8
leaf 1 C 
leaf 1 CA 
leaf 1 CDLV 
leaf 2 CG CGSJU 
leaf 1 CP 
leaf 1 CUVR 
leaf 2 CVOX CVAAMUV 
leaf 1 CWJQL 
branch 11
leaf 1 D 
leaf 1 DCDOH 
leaf 1 DDMMSKI 
leaf 1 DENWQ 
leaf 1 DH 
leaf 1 DKWD 
leaf 2 DNWBV DNQEPLVHB 
leaf 1 DO 
leaf 1 DRLNVEARF 
leaf 1 DWC 
leaf 2 DYZD DY 
branch 8
leaf 1 EBQEN 
leaf 1 ECXTO 
leaf 1 EPO 
leaf 1 ETVCHOP 
leaf 1 EU 
leaf 2 EVZD EVYWD 
leaf 1 EX 
leaf 2 EYZJNMYU EYS 
branch 10
leaf 1 F 
leaf 1 FA 
leaf 1 FBAGN 
leaf 1 FDN 
leaf 1 FHCGTVN 
leaf 2 FKY FKWUSHDX 
leaf 2 FLKRY FLFVP 
leaf 1 FRGUC 
leaf 1 FTUXK 
leaf 2 FXFAD FX 
branch 10
leaf 1 G 
leaf 1 GAI 
leaf 1 GH 
leaf 1 GKESTZQ 
leaf 1 GLW 
leaf 2 GM GMCOLCKD 
leaf 3 GP GPFJG GPZD 
leaf 1 GT 
leaf 2 GUFYUEWG GUGZI 
leaf 1 GXNNE 
branch 7
leaf 1 HCS 
leaf 3 HFGN HFU HFG 
leaf 1 HHX 
leaf 1 HQNDFN 
leaf 1 HSG 
leaf 2 HVGMN HVPPD 
leaf 1 HYWC 
branch 7
leaf 2 IAAWA IAO 
leaf 1 IHVQ 
leaf 1 IO 
leaf 1 IPSDV 
leaf 1 IQ 
leaf 1 ISEHE 
leaf 1 IUE 
branch 6
leaf 1 J 
leaf 1 JAPF 
leaf 1 JHYDH 
leaf 1 JJNIB 
leaf 1 JKOSXV 
leaf 1 JZEE 
branch 11
leaf 1 K 
leaf 1 KA 
leaf 1 KJ 
leaf 1 KL 
leaf 2 KM KMY 
leaf 1 KNRGUT 
leaf 1 KOK 
leaf 1 KTJXT 
leaf 1 KX 
leaf 2 KYIMGYOUZ KY 
leaf 1 KZNB 
branch 14
leaf 1 LACZ 
leaf 1 LEO 
leaf 2 LFK LFCS 
leaf 1 LHMWE 
leaf 1 LIIJR 
leaf 1 LJV 
leaf 1 LKES 
leaf 2 LOQUFZS LOVX 
leaf 1 LQN 
leaf 1 LRBXX 
leaf 1 LSFC 
leaf 1 LTV 
leaf 1 LVKK 
leaf 1 LZKZ 
branch 10
leaf 1 M 
leaf 1 MALS 
leaf 1 MDMYSI 
leaf 1 MEHF 
leaf 1 MPNMWSM 
leaf 1 MRH 
leaf 1 MVBVVPS 
leaf 1 MXIJW 
leaf 2 MY MYX 
leaf 1 MZVF 
branch 9
leaf 1 NADMXSARQ 
leaf 1 NBEN 
leaf 1 NEYILGQ 
leaf 1 NF 
leaf 1 NL 
leaf 1 NPFM 
leaf 1 NQ 
leaf 1 NSXRE 
leaf 1 NVMCF 
branch 9
leaf 1 O 
leaf 1 OGQ 
leaf 1 OI 
leaf 1 OL 
leaf 1 OMSAS 
leaf 1 ONQWC 
leaf 1 OO 
leaf 2 OTVZRKBTBW OTNUZBFQUY 
leaf 2 OVFNX OVV 
branch 11
leaf 1 P 
leaf 1 PAZM 
leaf 2 PCP PCJWE 
leaf 1 PF 
leaf 1 PJQN 
leaf 1 PPTP 
leaf 1 PQG 
leaf 1 PRIWJAG 
leaf 1 PTUDX 
leaf 2 PXZMX PXCD 
leaf 1 PYKS 
branch 10
leaf 1 Q 
leaf 1 QBD 
leaf 1 QC 
leaf 1 QIN 
leaf 1 QKS 
leaf 1 QQK 
leaf 1 QRPA 
leaf 1 QXYBGSF 
leaf 1 QYEXMVHN 
leaf 1 QZDN 
branch 10
leaf 1 R 
leaf 1 RBBZA 
leaf 2 RCQHVFA RC 
leaf 2 RISEJ RI 
leaf 1 RNT 
leaf 1 RQ 
leaf 1 RRRIF 
leaf 1 RSK 
leaf 1 RUB 
leaf 2 RZODFTGWIZ RZLMXCS 
branch 11
leaf 1 S 
leaf 1 SDZ 
leaf 1 SGSBF 
leaf 2 SHHPRPIJ SH 
leaf 1 SLDPE 
leaf 1 SMG 
leaf 1 SNR 
leaf 2 SPRJ SP 
leaf 1 SSRP 
leaf 1 STO 
leaf 1 SXHXW 
branch 9
leaf 1 T 
leaf 2 TAEOILT TAIHVNDTB 
leaf 1 TB 
leaf 1 TCT 
leaf 2 TE TEKS 
leaf 2 TH THBU 
leaf 1 TI 
leaf 1 TPV 
leaf 1 TVREN 
branch 11
leaf 1 U 
leaf 1 UCOVQCQBU 
leaf 1 UDHL 
leaf 1 UE 
leaf 1 UGHDCUMLFU 
leaf 1 UKTO 
leaf 1 UOVK 
leaf 1 UQ 
leaf 1 UV 
leaf 1 UWNYZ 
leaf 1 UYLE 
branch 8
leaf 1 V 
leaf 1 VBG 
leaf 1 VDKGD 
leaf 1 VFVDDM 
leaf 2 VLRHFWH VLG 
leaf 2 VN VNOJOYKA 
leaf 2 VP VPJAH 
leaf 1 VXDMVQ 
branch 9
leaf 1 W 
leaf 3 WEYL WECPW WECDDPK 
leaf 1 WKNSZPXC 
leaf 2 WLP WLZMFD 
leaf 1 WM 
leaf 2 WOQDK WO 
leaf 1 WQMSI 
leaf 1 WSPG 
leaf 2 WXZVT WXHR 
branch 7
leaf 1 XIEG 
leaf 2 XJXTM XJG 
leaf 1 XKSX 
leaf 2 XOD XOQH 
leaf 1 XTXMGTN 
leaf 1 XXGQVF 
leaf 1 XZIN 
branch 7
leaf 1 Y 
leaf 1 YCW 
leaf 1 YIYCM 
leaf 1 YOPNHZUAUP 
leaf 1 YT 
leaf 1 YV 
leaf 1 YWZE 
branch 13
leaf 1 Z 
leaf 1 ZBFVIN 
leaf 2 ZEEB ZEZR 
leaf 1 ZFG 
leaf 1 ZJ 
leaf 1 ZNHWTRP 
leaf 1 ZR 
leaf 1 ZTTXM 
leaf 1 ZUF 
leaf 1 ZVZLO 
leaf 1 ZWJ 
leaf 2 ZYZ ZYA 
leaf 1 ZZ 
branch 26
branch 11
leaf 1 A 
leaf 2 ACRLZWROH ACVVN 
leaf 1 AKDPN 
leaf 2 AL ALCK 
leaf 2 AMM AMJ 
leaf 1 AQFP 
leaf 1 ARGM 
leaf 1 ASN 
leaf 1 ATFG 
leaf 1 AW 
leaf 1 AXQV 
branch 8
leaf 1 B 
leaf 1 BA 
leaf 1 BCS 
leaf 2 BGZWV BGR 
leaf 2 BNSYPGLW BN 
leaf 1 BOBRG 
leaf 1 BTH 
leaf 2 BYPKK BYN 
branch 10
leaf 1 C 
leaf 1 CA 
leaf 1 CDLV 
leaf 2 CG CGSJU 
leaf 1 CLK 
leaf 1 CNCU 
leaf 1 CP 
leaf 2 CUW CUVR 
leaf 2 CVOX CVAAMUV 
leaf 1 CWJQL 
branch 11
leaf 1 D 
leaf 1 DCDOH 
leaf 1 DDMMSKI 
leaf 1 DENWQ 
leaf 1 DH 
leaf 1 DKWD 
leaf 2 DNWBV DNQEPLVHB 
leaf 1 DO 
leaf 1 DRLNVEARF 
leaf 1 DWC 
leaf 2 DYZD DY 
branch 8
leaf 1 EBQEN 
leaf 1 ECXTO 
leaf 1 EPO 
leaf 1 ETVCHOP 
leaf 1 EU 
leaf 2 EVZD EVYWD 
leaf 1 EX 
leaf 2 EYZJNMYU EYS 
branch 10
leaf 1 F 
leaf 1 FA 
leaf 1 FBAGN 
leaf 1 FDN 
leaf 1 FHCGTVN 
leaf 2 FKY FKWUSHDX 
leaf 2 FLKRY FLFVP 
leaf 1 FRGUC 
leaf 1 FTUXK 
leaf 2 FXFAD FX 
branch 11
leaf 1 G 
leaf 1 GAI 
leaf 1 GH 
leaf 1 GIC 
leaf 1 GKESTZQ 
leaf 1 GLW 
leaf 2 GM GMCOLCKD 
leaf 3 GP GPFJG GPZD 
leaf 1 GT 
leaf 2 GUFYUEWG GUGZI 
leaf 1 GXNNE 
branch 7
leaf 1 HCS 
leaf 3 HFGN HFU HFG 
leaf 1 HHX 
leaf 1 HQNDFN 
leaf 1 HSG 
leaf 2 HVGMN HVPPD 
leaf 1 HYWC 
branch 6
leaf 2 IAAWA IAO 
leaf 2 IHXWY IHVQ 
leaf 1 IPSDV 
leaf 1 IQ 
leaf 1 ISEHE 
leaf 1 IUE 
branch 6
leaf 1 J 
leaf 1 JAPF 
leaf 1 JHYDH 
leaf 1 JJNIB 
leaf 1 JKOSXV 
leaf 1 JZEE 
branch 10
leaf 1 K 
leaf 1 KA 
leaf 1 KJ 
leaf 1 KL 
leaf 1 KM 
leaf 2 KNBQCT KNRGUT 
leaf 1 KOK 
leaf 1 KTJXT 
leaf 1 KX 
leaf 2 KYIMGYOUZ KY 
branch 15
leaf 1 LACZ 
leaf 1 LEO 
leaf 2 LFK LFCS 
leaf 1 LGVRW 
leaf 1 LHMWE 
leaf 1 LIIJR 
leaf 1 LJV 
leaf 1 LKES 
leaf 2 LOQUFZS LOVX 
leaf 1 LQN 
leaf 1 LRBXX 
leaf 2 LSF LSFC 
leaf 1 LTV 
leaf 1 LVKK 
leaf 1 LZKZ 
branch 11
leaf 1 M 
leaf 1 MALS 
leaf 1 MDMYSI 
leaf 1 MEHF 
leaf 1 MFY 
leaf 1 MPNMWSM 
leaf 1 MRH 
leaf 1 MVBVVPS 
leaf 1 MXIJW 
leaf 2 MY MYX 
leaf 1 MZVF 
branch 10
leaf 1 N 
leaf 1 NADMXSARQ 
leaf 1 NBEN 
leaf 1 NEYILGQ 
leaf 1 NF 
leaf 1 NL 
leaf 1 NPFM 
leaf 1 NQ 
leaf 1 NSXRE 
leaf 1 NVMCF 
branch 9
leaf 1 O 
leaf 1 OGQ 
leaf 1 OI 
leaf 1 OL 
leaf 1 OMSAS 
leaf 1 ONQWC 
leaf 1 OO 
leaf 2 OTVZRKBTBW OTNUZBFQUY 
leaf 3 OVFFCG OVFNX OVV 
branch 12
leaf 1 P 
leaf 1 PAZM 
leaf 2 PCP PCJWE 
leaf 1 PF 
leaf 1 PH 
leaf 1 PJQN 
leaf 1 PPTP 
leaf 1 PQG 
leaf 1 PRIWJAG 
leaf 1 PTUDX 
leaf 2 PXZMX PXCD 
leaf 1 PYKS 
branch 12
leaf 1 Q 
leaf 1 QBD 
leaf 1 QC 
leaf 1 QIN 
leaf 1 QJ 
leaf 1 QKS 
leaf 1 QNMN 
leaf 1 QQK 
leaf 1 QRPA 
leaf 1 QXYBGSF 
leaf 1 QYEXMVHN 
leaf 1 QZDN 
branch 11
leaf 1 R 
leaf 1 RBBZA 
leaf 2 RCQHVFA RC 
leaf 2 RISEJ RI 
leaf 1 RNT 
leaf 1 RP 
leaf 1 RQ 
leaf 1 RRRIF 
leaf 1 RSK 
leaf 1 RUB 
leaf 2 RZODFTGWIZ RZLMXCS 
branch 11
leaf 1 S 
leaf 1 SDZ 
leaf 1 SGSBF 
leaf 2 SHHPRPIJ SH 
leaf 1 SLDPE 
leaf 1 SMG 
leaf 1 SNR 
leaf 2 SPRJ SP 
leaf 1 SSRP 
leaf 1 STO 
leaf 1 SXHXW 
branch 11
leaf 1 T 
leaf 2 TAEOILT TAIHVNDTB 
leaf 1 TB 
leaf 1 TCT 
leaf 2 TE TEKS 
leaf 2 TH THBU 
leaf 1 TI 
leaf 1 TPV 
leaf 1 TQU 
leaf 1 TVREN 
leaf 1 TWEZR 
branch 11
leaf 1 U 
leaf 1 UCOVQCQBU 
leaf 1 UDHL 
leaf 1 UE 
leaf 1 UGHDCUMLFU 
leaf 1 UKTO 
leaf 1 UOVK 
leaf 1 UQ 
leaf 1 UV 
leaf 1 UWNYZ 
leaf 1 UYLE 
branch 8
leaf 1 V 
leaf 1 VBG 
leaf 1 VDKGD 
leaf 1 VFVDDM 
leaf 1 VLG 
leaf 2 VN VNOJOYKA 
leaf 2 VP VPJAH 
leaf 1 VXDMVQ 
branch 10
leaf 1 W 
leaf 1 WB 
leaf 3 WEYL WECPW WECDDPK 
leaf 1 WKNSZPXC 
leaf 2 WLP WLZMFD 
leaf 1 WM 
leaf 2 WOQDK WO 
leaf 1 WQMSI 
leaf 1 WSPG 
leaf 2 WXZVT WXHR 
branch 8
leaf 1 XEVNL 
leaf 1 XIEG 
leaf 2 XJXTM XJG 
leaf 1 XKSX 
leaf 2 XOD XOQH 
leaf 1 XTXMGTN 
leaf 1 XXGQVF 
leaf 1 XZIN 
branch 9
leaf 1 Y 
leaf 1 YCW 
leaf 1 YG 
leaf 1 YIYCM 
leaf 1 YOPNHZUAUP 
leaf 1 YPMVZU 
leaf 1 YT 
leaf 1 YV 
leaf 1 YWZE 
branch 13
leaf 1 Z 
leaf 1 ZBFVIN 
leaf 2 ZEEB ZEZR 
leaf 1 ZFG 
leaf 1 ZJ 
leaf 1 ZNHWTRP 
leaf 1 ZR 
leaf 1 ZTTXM 
leaf 1 ZUF 
leaf 1 ZVZLO 
leaf 2 ZWCIG ZWJ 
leaf 2 ZYZ ZYA 
leaf 1 ZZ 
branch 26
branch 11
leaf 1 A 
leaf 2 ACRLZWROH ACVVN 
leaf 1 AKDPN 
leaf 2 AL ALCK 
leaf 2 AMM AMJ 
leaf 1 AQFP 
leaf 1 ARGM 
leaf 1 ASN 
leaf 1 ATFG 
leaf 1 AW 
leaf 1 AXQV 
branch 9
leaf 1 B 
leaf 1 BA 
leaf 1 BCS 
leaf 2 BGZWV BGR 
leaf 2 BNSYPGLW BN 
leaf 1 BOBRG 
leaf 1 BTH 
leaf 2 BYPKK BYN 
leaf 1 BZEAF 
branch 10
leaf 1 C 
leaf 1 CA 
leaf 1 CDLV 
leaf 2 CG CGSJU 
leaf 1 CLK 
leaf 1 CNCU 
leaf 1 CP 
leaf 2 CUW CUVR 
leaf 2 CVOX CVAAMUV 
leaf 1 CWJQL 
branch 12
leaf 1 D 
leaf 1 DCDOH 
leaf 1 DDMMSKI 
leaf 1 DENWQ 
leaf 1 DH 
leaf 1 DILG 
leaf 1 DKWD 
leaf 2 DNWBV DNQEPLVHB 
leaf 1 DO 
leaf 1 DRLNVEARF 
leaf 1 DWC 
leaf 2 DYZD DY 
branch 8
leaf 1 EBQEN 
leaf 1 ECXTO 
leaf 1 EPO 
leaf 1 ETVCHOP 
leaf 1 EU 
leaf 2 EVZD EVYWD 
leaf 1 EX 
leaf 2 EYZJNMYU EYS 
branch 11
leaf 1 F 
leaf 1 FA 
leaf 1 FBAGN 
leaf 1 FDN 
leaf 1 FHCGTVN 
leaf 2 FKY FKWUSHDX 
leaf 2 FLKRY FLFVP 
leaf 1 FMTBPM 
leaf 1 FRGUC 
leaf 1 FTUXK 
leaf 2 FXFAD FX 
branch 12
leaf 1 G 
leaf 1 GAI 
leaf 1 GCLDM 
leaf 1 GH 
leaf 1 GIC 
leaf 1 GKESTZQ 
leaf 1 GLW 
leaf 2 GM GMCOLCKD 
leaf 3 GP GPFJG GPZD 
leaf 1 GT 
leaf 2 GUFYUEWG GUGZI 
leaf 1 GXNNE 
branch 9
leaf 1 H 
leaf 1 HCS 
leaf 3 HFGN HFU HFG 
leaf 1 HHX 
leaf 1 HQNDFN 
leaf 1 HSG 
leaf 1 HUURUBS 
leaf 2 HVGMN HVPPD 
leaf 1 HYWC 
branch 6
leaf 2 IAAWA IAO 
leaf 2 IHXWY IHVQ 
leaf 1 IPSDV 
leaf 2 IQLWDP IQ 
leaf 1 ISEHE 
leaf 1 IUE 
branch 7
leaf 1 J 
leaf 1 JAPF 
leaf 1 JCA 
leaf 1 JHYDH 
leaf 1 JJNIB 
leaf 1 JKOSXV 
leaf 1 JZEE 
branch 10
leaf 1 K 
leaf 1 KA 
leaf 1 KJ 
leaf 1 KL 
leaf 1 KM 
leaf 2 KNBQCT KNRGUT 
leaf 1 KOK 
leaf 1 KTJXT 
leaf 1 KX 
leaf 2 KYIMGYOUZ KY 
branch 15
leaf 1 LACZ 
leaf 1 LEO 
leaf 2 LFK LFCS 
leaf 1 LGVRW 
leaf 1 LHMWE 
leaf 1 LIIJR 
leaf 1 LJV 
leaf 1 LKES 
leaf 2 LOQUFZS LOVX 
leaf 1 LQN 
leaf 1 LRBXX 
leaf 2 LSF LSFC 
leaf 1 LTV 
leaf 1 LVKK 
leaf 1 LZKZ 
branch 11
leaf 1 M 
leaf 1 MALS 
leaf 1 MDMYSI 
leaf 1 MEHF 
leaf 1 MFY 
leaf 1 MPNMWSM 
leaf 1 MRH 
leaf 1 MVBVVPS 
leaf 1 MXIJW 
leaf 2 MY MYX 
leaf 1 MZVF 
branch 10
leaf 1 N 
leaf 1 NADMXSARQ 
leaf 1 NBEN 
leaf 1 NEYILGQ 
leaf 1 NF 
leaf 1 NL 
leaf 1 NPFM 
leaf 1 NQ 
leaf 1 NSXRE 
leaf 1 NVMCF 
branch 10
leaf 1 O 
leaf 2 OCBGMANHU OC 
leaf 1 OGQ 
leaf 1 OI 
leaf 1 OL 
leaf 1 OMSAS 
leaf 1 ONQWC 
leaf 1 OO 
leaf 2 OTVZRKBTBW OTNUZBFQUY 
leaf 3 OVFFCG OVFNX OVV 
branch 12
leaf 1 P 
leaf 1 PAZM 
leaf 2 PCP PCJWE 
leaf 1 PF 
leaf 1 PH 
leaf 1 PJQN 
leaf 1 PPTP 
leaf 1 PQG 
leaf 1 PRIWJAG 
leaf 1 PTUDX 
leaf 2 PXZMX PXCD 
leaf 1 PYKS 
branch 12
leaf 1 Q 
leaf 1 QBD 
leaf 1 QC 
leaf 1 QIN 
leaf 1 QJ 
leaf 1 QKS 
leaf 2 QNCGKCFS QNMN 
leaf 1 QQK 
leaf 1 QRPA 
leaf 1 QXYBGSF 
leaf 1 QYEXMVHN 
leaf 1 QZDN 
branch 11
leaf 1 R 
leaf 1 RBBZA 
leaf 2 RCQHVFA RC 
leaf 2 RISEJ RI 
leaf 1 RNT 
leaf 1 RP 
leaf 1 RQ 
leaf 1 RRRIF 
leaf 1 RSK 
leaf 1 RUB 
leaf 2 RZODFTGWIZ RZLMXCS 
branch 10
leaf 1 S 
leaf 1 SDZ 
leaf 1 SGSBF 
leaf 2 SHHPRPIJ SH 
leaf 1 SLDPE 
leaf 1 SMG 
leaf 2 SNEMCG SNR 
leaf 2 SPRJ SP 
leaf 1 SSRP 
leaf 1 STO 
branch 15
leaf 1 T 
leaf 2 TAEOILT TAIHVNDTB 
leaf 1 TB 
leaf 1 TCT 
leaf 2 TE TEKS 
leaf 2 TH THBU 
leaf 1 TI 
leaf 1 TJ 
leaf 1 TPV 
leaf 1 TQU 
leaf 1 TRZEE 
leaf 1 TSIZA 
leaf 1 TVREN 
leaf 1 TWEZR 
leaf 1 TYCKKD 
branch 14
leaf 1 U 
leaf 1 UCOVQCQBU 
leaf 1 UDHL 
leaf 1 UE 
leaf 1 UGHDCUMLFU 
leaf 1 UI 
leaf 1 UKTO 
leaf 1 UNYQOATJX 
leaf 1 UOVK 
leaf 1 UQ 
leaf 1 UTIVVM 
leaf 1 UV 
leaf 1 UWNYZ 
leaf 1 UYLE 
branch 9
leaf 1 V 
leaf 1 VBG 
leaf 1 VDKGD 
leaf 1 VEKJ 
leaf 1 VFVDDM 
leaf 1 VLG 
leaf 2 VN VNOJOYKA 
leaf 2 VP VPJAH 
leaf 1 VXDMVQ 
branch 9
leaf 1 W 
leaf 1 WB 
leaf 3 WEYL WECPW WECDDPK 
leaf 2 WLP WLZMFD 
leaf 1 WM 
leaf 2 WOQDK WO 
leaf 1 WQMSI 
leaf 1 WSPG 
leaf 2 WXZVT WXHR 
branch 9
leaf 1 XEVNL 
leaf 1 XIEG 
leaf 2 XJXTM XJG 
leaf 1 XKSX 
leaf 2 XOD XOQH 
leaf 1 XS 
leaf 1 XTXMGTN 
leaf 1 XXGQVF 
leaf 1 XZIN 
branch 12
leaf 1 Y 
leaf 1 YCW 
leaf 1 YEJKETH 
leaf 1 YG 
leaf 1 YIYCM 
leaf 1 YJX 
leaf 1 YKTYK 
leaf 1 YOPNHZUAUP 
leaf 2 YP YPMVZU 
leaf 1 YT 
leaf 1 YV 
leaf 1 YWZE 
branch 13
leaf 1 Z 
leaf 1 ZBFVIN 
leaf 2 ZEEB ZEZR 
leaf 1 ZFG 
leaf 1 ZJ 
leaf 1 ZNHWTRP 
leaf 1 ZR 
leaf 1 ZTTXM 
leaf 1 ZUF 
leaf 1 ZVZLO 
leaf 2 ZWCIG ZWJ 
leaf 2 ZYZ ZYA 
leaf 1 ZZ 
branch 26
branch 11
leaf 1 A 
leaf 2 ACRLZWROH ACVVN 
leaf 1 AKDPN 
leaf 2 AL ALCK 
leaf 2 AMM AMJ 
leaf 1 AQFP 
leaf 1 ARGM 
leaf 1 ASN 
leaf 1 ATFG 
leaf 1 AW 
leaf 1 AXQV 
branch 10
leaf 1 B 
leaf 1 BA 
leaf 1 BCS 
leaf 2 BGZWV BGR 
leaf 1 BKVBQ 
leaf 1 BNSYPGLW 
leaf 1 BOBRG 
leaf 1 BTH 
leaf 2 BYPKK BYN 
leaf 1 BZEAF 
branch 11
leaf 1 C 
leaf 1 CA 
leaf 1 CDLV 
leaf 2 CG CGSJU 
leaf 1 CLK 
leaf 1 CNCU 
leaf 1 CP 
leaf 1 CQ 
leaf 2 CUW CUVR 
leaf 2 CVOX CVAAMUV 
leaf 1 CWJQL 
branch 13
leaf 1 D 
leaf 1 DCDOH 
leaf 1 DDMMSKI 
leaf 1 DENWQ 
leaf 1 DG 
leaf 1 DH 
leaf 1 DILG 
leaf 1 DKWD 
leaf 2 DNWBV DNQEPLVHB 
leaf 1 DO 
leaf 1 DRLNVEARF 
leaf 1 DWC 
leaf 2 DYZD DY 
branch 9
leaf 1 EBQEN 
leaf 1 ECXTO 
leaf 1 EJIS 
leaf 1 EPO 
leaf 1 ETVCHOP 
leaf 1 EU 
leaf 2 EVZD EVYWD 
leaf 1 EX 
leaf 2 EYZJNMYU EYS 
branch 11
leaf 1 F 
leaf 1 FA 
leaf 1 FBAGN 
leaf 1 FDN 
leaf 1 FHCGTVN 
leaf 2 FKY FKWUSHDX 
leaf 2 FLKRY FLFVP 
leaf 1 FMTBPM 
leaf 1 FRGUC 
leaf 1 FTUXK 
leaf 2 FXFAD FX 
branch 12
leaf 1 G 
leaf 1 GAI 
leaf 1 GCLDM 
leaf 1 GH 
leaf 1 GIC 
leaf 1 GKESTZQ 
leaf 1 GLW 
leaf 2 GM GMCOLCKD 
leaf 3 GP GPFJG GPZD 
leaf 1 GT 
leaf 2 GUFYUEWG GUGZI 
leaf 1 GXNNE 
branch 10
leaf 1 H 
leaf 1 HB 
leaf 1 HCS 
leaf 3 HFGN HFU HFG 
leaf 1 HHX 
leaf 1 HQNDFN 
leaf 1 HSG 
leaf 1 HUURUBS 
leaf 2 HVGMN HVPPD 
leaf 1 HYWC 
branch 7
leaf 2 IAAWA IAO 
leaf 1 IDDBIE 
leaf 2 IHXWY IHVQ 
leaf 1 IPSDV 
leaf 2 IQLWDP IQ 
leaf 1 ISEHE 
leaf 1 IUE 
branch 8
leaf 1 J 
leaf 1 JAPF 
leaf 1 JCA 
leaf 1 JHYDH 
leaf 1 JJNIB 
leaf 1 JKOSXV 
leaf 1 JXRUO 
leaf 1 JZEE 
branch 10
leaf 1 K 
leaf 1 KA 
leaf 1 KJ 
leaf 2 KLYDR KL 
leaf 1 KM 
leaf 2 KNBQCT KNRGUT 
leaf 1 KOK 
leaf 1 KTJXT 
leaf 1 KX 
leaf 2 KYIMGYOUZ KY 
branch 15
leaf 1 LACZ 
leaf 1 LEO 
leaf 2 LFK LFCS 
leaf 1 LGVRW 
leaf 1 LHMWE 
leaf 1 LIIJR 
leaf 1 LJV 
leaf 1 LKES 
leaf 2 LOQUFZS LOVX 
leaf 1 LQN 
leaf 1 LRBXX 
leaf 2 LSF LSFC 
leaf 1 LTV 
leaf 1 LVKK 
leaf 1 LZKZ 
branch 11
leaf 1 M 
leaf 1 MALS 
leaf 1 MDMYSI 
leaf 1 MEHF 
leaf 1 MFY 
leaf 1 MPNMWSM 
leaf 1 MRH 
leaf 2 MVZO MVBVVPS 
leaf 1 MXIJW 
leaf 2 MY MYX 
leaf 1 MZVF 
branch 11
leaf 1 N 
leaf 1 NADMXSARQ 
leaf 1 NBEN 
leaf 1 NEYILGQ 
leaf 1 NF 
leaf 1 NL 
leaf 1 NPFM 
leaf 1 NQ 
leaf 1 NSXRE 
leaf 1 NVMCF 
leaf 1 NXT 
branch 10
leaf 1 O 
leaf 2 OCBGMANHU OC 
leaf 1 OGQ 
leaf 1 OI 
leaf 1 OL 
leaf 1 OMSAS 
leaf 1 ONQWC 
leaf 1 OO 
leaf 3 OT OTVZRKBTBW OTNUZBFQUY 
leaf 2 OVFFCG OVFNX 
branch 12
leaf 1 P 
leaf 1 PAZM 
leaf 2 PCP PCJWE 
leaf 1 PF 
leaf 1 PH 
leaf 1 PJQN 
leaf 1 PPTP 
leaf 1 PQG 
leaf 1 PRIWJAG 
leaf 1 PTUDX 
leaf 2 PXZMX PXCD 
leaf 1 PYPXGNT 
branch 12
leaf 1 Q 
leaf 1 QBD 
leaf 1 QC 
leaf 1 QIN 
leaf 1 QJ 
leaf 1 QKS 
leaf 2 QNCGKCFS QNMN 
leaf 1 QQK 
leaf 1 QRPA 
leaf 1 QXYBGSF 
leaf 1 QYEXMVHN 
leaf 1 QZDN 
branch 12
leaf 1 R 
leaf 1 RBBZA 
leaf 2 RCQHVFA RC 
leaf 2 RISEJ RI 
leaf 1 RLNAR 
leaf 1 RNT 
leaf 1 RP 
leaf 1 RQ 
leaf 1 RRRIF 
leaf 1 RSK 
leaf 1 RUB 
leaf 2 RZODFTGWIZ RZLMXCS 
branch 10
leaf 1 S 
leaf 1 SDZ 
leaf 1 SGSBF 
leaf 2 SHHPRPIJ SH 
leaf 1 SLDPE 
leaf 2 SMI SMG 
leaf 2 SNEMCG SNR 
leaf 2 SPRJ SP 
leaf 1 SSRP 
leaf 1 STO 
branch 15
leaf 1 T 
leaf 1 TAEOILT 
leaf 1 TB 
leaf 1 TCT 
leaf 2 TE TEKS 
leaf 2 TH THBU 
leaf 1 TI 
leaf 1 TJ 
leaf 1 TPV 
leaf 2 TQDDETP TQU 
leaf 1 TRZEE 
leaf 1 TSIZA 
leaf 1 TVREN 
leaf 1 TWEZR 
leaf 1 TYCKKD 
branch 14
leaf 1 U 
leaf 1 UCOVQCQBU 
leaf 1 UDHL 
leaf 1 UE 
leaf 1 UGHDCUMLFU 
leaf 1 UI 
leaf 1 UKTO 
leaf 1 UNYQOATJX 
leaf 1 UOVK 
leaf 1 UQ 
leaf 1 UTIVVM 
leaf 1 UV 
leaf 1 UWNYZ 
leaf 1 UYLE 
branch 9
leaf 1 V 
leaf 1 VBG 
leaf 1 VDKGD 
leaf 1 VEKJ 
leaf 1 VFVDDM 
leaf 1 VLG 
leaf 2 VN VNOJOYKA 
leaf 2 VP VPJAH 
leaf 1 VXDMVQ 
branch 10
leaf 1 W 
leaf 1 WB 
leaf 3 WEYL WECPW WECDDPK 
leaf 2 WLP WLZMFD 
leaf 2 WMSZK WM 
leaf 2 WOQDK WO 
leaf 1 WQMSI 
leaf 1 WSPG 
leaf 1 WUGR 
leaf 2 WXZVT WXHR 
branch 11
leaf 1 X 
leaf 1 XEVNL 
leaf 1 XIEG 
leaf 2 XJXTM XJG 
leaf 1 XKSX 
leaf 2 XOD XOQH 
leaf 1 XS 
leaf 1 XTXMGTN 
leaf 1 XWOIFLPTZ 
leaf 1 XXGQVF 
leaf 1 XZIN 
branch 13
leaf 1 Y 
leaf 1 YB 
leaf 1 YCW 
leaf 1 YEJKETH 
leaf 1 YIYCM 
leaf 1 YJX 
leaf 1 YKTYK 
leaf 1 YOPNHZUAUP 
leaf 2 YP YPMVZU 
leaf 1 YT 
leaf 1 YUQCT 
leaf 1 YV 
leaf 1 YWZE 
branch 14
leaf 1 Z 
leaf 1 ZBFVIN 
leaf 2 ZEEB ZEZR 
leaf 1 ZFG 
leaf 1 ZHKO 
leaf 1 ZJ 
leaf 1 ZNHWTRP 
leaf 1 ZR 
leaf 1 ZTTXM 
leaf 1 ZUF 
leaf 1 ZVZLO 
leaf 2 ZWCIG ZWJ 
leaf 2 ZYZ ZYA 
leaf 1 ZZ 
branch 26
branch 12
leaf 1 A 
leaf 2 ACRLZWROH ACVVN 
leaf 1 AKDPN 
leaf 2 AL ALCK 
leaf 2 AMM AMJ 
leaf 1 AQFP 
leaf 1 ARGM 
leaf 1 ASN 
leaf 1 ATFG 
leaf 1 AW 
leaf 1 AXQV 
leaf 1 AYZUQCOQYD 
branch 10
leaf 1 B 
leaf 1 BA 
leaf 1 BCS 
leaf 2 BGZWV BGR 
leaf 1 BKVBQ 
leaf 1 BNSYPGLW 
leaf 2 BOUJPBI BOBRG 
leaf 1 BTH 
leaf 2 BYPKK BYN 
leaf 1 BZEAF 
branch 11
leaf 1 C 
leaf 1 CA 
leaf 1 CDLV 
leaf 2 CG CGSJU 
leaf 2 CLN CLK 
leaf 1 CNCU 
leaf 1 CP 
leaf 1 CQ 
leaf 2 CUW CUVR 
leaf 2 CVOX CVAAMUV 
leaf 1 CWJQL 
branch 13
leaf 1 D 
leaf 1 DCDOH 
leaf 1 DDMMSKI 
leaf 2 DEQSYAVEAM DENWQ 
leaf 1 DG 
leaf 1 DH 
leaf 1 DILG 
leaf 2 DKCNZ DKWD 
leaf 3 DN DNWBV DNQEPLVHB 
leaf 1 DO 
leaf 1 DRLNVEARF 
leaf 1 DWC 
leaf 4 DYWH DYDSXUB DYZD DY 
branch 9
leaf 1 EBQEN 
leaf 1 ECXTO 
leaf 1 EJIS 
leaf 1 EPO 
leaf 1 ETVCHOP 
leaf 1 EU 
leaf 1 EVYWD 
leaf 1 EX 
leaf 1 EYZJNMYU 
branch 10
leaf 1 F 
leaf 1 FA 
leaf 1 FBAGN 
leaf 1 FDN 
leaf 2 FKY FKWUSHDX 
leaf 2 FLKRY FLFVP 
leaf 1 FMTBPM 
leaf 1 FRGUC 
leaf 1 FTUXK 
leaf 2 FXFAD FX 
branch 13
leaf 1 G 
leaf 1 GAI 
leaf 1 GCLDM 
leaf 1 GH 
leaf 1 GIC 
leaf 1 GKESTZQ 
leaf 1 GLW 
leaf 2 GM GMCOLCKD 
leaf 1 GNQO 
leaf 3 GP GPFJG GPZD 
leaf 1 GT 
leaf 2 GUFYUEWG GUGZI 
leaf 1 GXNNE 
branch 11
leaf 1 H 
leaf 1 HB 
leaf 1 HCS 
leaf 3 HFGN HFU HFG 
leaf 1 HHX 
leaf 1 HPWGFVELB 
leaf 1 HQNDFN 
leaf 1 HSG 
leaf 1 HUURUBS 
leaf 2 HVGMN HVPPD 
leaf 1 HYWC 
branch 9
leaf 2 IAAWA IAO 
leaf 1 IDDBIE 
leaf 2 IHXWY IHVQ 
leaf 1 IJS 
leaf 1 IPSDV 
leaf 2 IQLWDP IQ 
leaf 1 ISEHE 
leaf 1 IUE 
leaf 1 IY 
branch 9
leaf 1 J 
leaf 1 JAPF 
leaf 1 JCA 
leaf 1 JHYDH 
leaf 1 JJNIB 
leaf 1 JKOSXV 
leaf 1 JXRUO 
leaf 1 JYOQAXJQ 
leaf 1 JZEE 
branch 11
leaf 1 K 
leaf 1 KA 
leaf 1 KJ 
leaf 2 KLYDR KL 
leaf 1 KM 
leaf 2 KNBQCT KNRGUT 
leaf 1 KOK 
leaf 1 KRAI 
leaf 1 KTJXT 
leaf 1 KX 
leaf 2 KYIMGYOUZ KY 
branch 17
leaf 1 L 
leaf 1 LACZ 
leaf 1 LEO 
leaf 2 LFK LFCS 
leaf 1 LGVRW 
leaf 1 LHMWE 
leaf 1 LIIJR 
leaf 1 LJV 
leaf 1 LKES 
leaf 2 LOQUFZS LOVX 
leaf 1 LP 
leaf 1 LQN 
leaf 1 LRBXX 
leaf 2 LSF LSFC 
leaf 1 LTV 
leaf 1 LVKK 
leaf 1 LZKZ 
branch 11
leaf 1 M 
leaf 1 MALS 
leaf 1 MDMYSI 
leaf 2 MEVNH MEHF 
leaf 1 MFY 
leaf 1 MPNMWSM 
leaf 1 MRH 
leaf 2 MVZO MVBVVPS 
leaf 1 MXIJW 
leaf 2 MY MYX 
leaf 1 MZVF 
branch 11
leaf 1 N 
leaf 1 NADMXSARQ 
leaf 1 NBEN 
leaf 1 NEYILGQ 
leaf 1 NF 
leaf 1 NL 
leaf 1 NPFM 
leaf 1 NQ 
leaf 1 NSXRE 
leaf 1 NVMCF 
leaf 1 NXT 
branch 10
leaf 1 O 
leaf 2 OCBGMANHU OC 
leaf 1 OGQ 
leaf 1 OI 
leaf 1 OL 
leaf 1 OMSAS 
leaf 1 ONQWC 
leaf 1 OO 
leaf 3 OT OTVZRKBTBW OTNUZBFQUY 
leaf 2 OVFFCG OVFNX 
branch 12
leaf 1 P 
leaf 1 PAZM 
leaf 2 PCP PCJWE 
leaf 1 PF 
leaf 1 PH 
leaf 1 PJQN 
leaf 1 PPTP 
leaf 1 PQG 
leaf 1 PRIWJAG 
leaf 1 PTUDX 
leaf 2 PXZMX PXCD 
leaf 1 PYPXGNT 
branch 13
leaf 1 Q 
leaf 1 QBD 
leaf 1 QC 
leaf 1 QIN 
leaf 1 QJ 
leaf 1 QKS 
leaf 1 QLZ 
leaf 2 QNCGKCFS QNMN 
leaf 1 QQK 
leaf 1 QRPA 
leaf 1 QXYBGSF 
leaf 1 QYEXMVHN 
leaf 1 QZDN 
branch 13
leaf 1 R 
leaf 1 RBBZA 
leaf 2 RCQHVFA RC 
leaf 1 RFUCB 
leaf 2 RISEJ RI 
leaf 1 RLNAR 
leaf 1 RNT 
leaf 1 RP 
leaf 1 RQ 
leaf 1 RRRIF 
leaf 2 RSY RSK 
leaf 1 RUB 
leaf 2 RZODFTGWIZ RZLMXCS 
branch 11
leaf 1 S 
leaf 1 SDZ 
leaf 1 SGSBF 
leaf 2 SHHPRPIJ SH 
leaf 1 SLDPE 
leaf 2 SMI SMG 
leaf 2 SNEMCG SNR 
leaf 2 SPRJ SP 
leaf 1 SR 
leaf 1 SSRP 
leaf 1 STO 
branch 15
leaf 1 T 
leaf 1 TAEOILT 
leaf 1 TB 
leaf 1 TCT 
leaf 2 TE TEKS 
leaf 2 TH THBU 
leaf 1 TI 
leaf 1 TJ 
leaf 1 TPV 
leaf 2 TQDDETP TQU 
leaf 2 TRUZB TRZEE 
leaf 1 TSIZA 
leaf 1 TVREN 
leaf 1 TWEZR 
leaf 1 TYCKKD 
branch 15
leaf 1 U 
leaf 1 UCOVQCQBU 
leaf 1 UDHL 
leaf 1 UE 
leaf 1 UGHDCUMLFU 
leaf 1 UI 
leaf 1 UJUSO 
leaf 1 UKTO 
leaf 1 UNYQOATJX 
leaf 1 UOVK 
leaf 1 UQ 
leaf 1 UTIVVM 
leaf 1 UV 
leaf 1 UWNYZ 
leaf 1 UYLE 
branch 10
leaf 1 V 
leaf 1 VBG 
leaf 1 VDKGD 
leaf 1 VEKJ 
leaf 1 VFVDDM 
leaf 1 VLG 
leaf 2 VN VNOJOYKA 
leaf 2 VP VPJAH 
leaf 1 VUFRO 
leaf 1 VXDMVQ 
branch 10
leaf 1 W 
leaf 1 WB 
leaf 3 WEYL WECPW WECDDPK 
leaf 2 WLP WLZMFD 
leaf 2 WMSZK WM 
leaf 2 WOQDK WO 
leaf 1 WQMSI 
leaf 1 WSPG 
leaf 1 WUGR 
leaf 2 WXZVT WXHR 
branch 11
leaf 1 X 
leaf 1 XEVNL 
leaf 1 XIEG 
leaf 2 XJXTM XJG 
leaf 1 XKSX 
leaf 2 XOD XOQH 
leaf 1 XS 
leaf 1 XTXMGTN 
leaf 1 XWOIFLPTZ 
leaf 1 XXGQVF 
leaf 1 XZIN 
branch 13
leaf 1 Y 
leaf 1 YB 
leaf 1 YCW 
leaf 2 YE YEJKETH 
leaf 1 YIYCM 
leaf 1 YJX 
leaf 1 YKTYK 
leaf 1 YOPNHZUAUP 
leaf 2 YP YPMVZU 
leaf 2 YTGGP YT 
leaf 1 YUQCT 
leaf 1 YV 
leaf 1 YWZE 
branch 14
leaf 1 Z 
leaf 1 ZBFVIN 
leaf 2 ZEEB ZEZR 
leaf 1 ZFG 
leaf 1 ZHKO 
leaf 1 ZJ 
leaf 1 ZNHWTRP 
leaf 1 ZR 
leaf 1 ZTTXM 
leaf 1 ZUF 
leaf 1 ZVZLO 
leaf 2 ZWCIG ZWJ 
leaf 2 ZYZ ZYA 
leaf 1 ZZ 
branch 26
branch 12
leaf 1 A 
leaf 2 ACRLZWROH ACVVN 
leaf 1 AKDPN 
leaf 2 AL ALCK 
leaf 2 AMM AMJ 
leaf 1 AQFP 
leaf 1 ARGM 
leaf 1 ASN 
leaf 1 ATFG 
leaf 1 AW 
leaf 1 AXQV 
leaf 1 AYZUQCOQYD 
branch 10
leaf 1 B 
leaf 1 BA 
leaf 1 BCS 
leaf 2 BGZWV BGR 
leaf 1 BKVBQ 
leaf 1 BNSYPGLW 
leaf 2 BOUJPBI BOBRG 
leaf 2 BT BTH 
leaf 2 BYPKK BYN 
leaf 1 BZEAF 
branch 11
leaf 1 C 
leaf 1 CA 
leaf 1 CDLV 
leaf 2 CG CGSJU 
leaf 2 CLN CLK 
leaf 1 CNCU 
leaf 1 CP 
leaf 1 CQ 
leaf 1 CUW 
leaf 2 CVOX CVAAMUV 
leaf 1 CWJQL 
branch 14
leaf 1 D 
leaf 1 DCDOH 
leaf 1 DDMMSKI 
leaf 2 DEQSYAVEAM DENWQ 
leaf 1 DG 
leaf 1 DH 
leaf 1 DILG 
leaf 2 DKCNZ DKWD 
leaf 3 DN DNWBV DNQEPLVHB 
leaf 1 DO 
leaf 1 DRLNVEARF 
leaf 1 DUEIZ 
leaf 1 DWC 
leaf 4 DYWH DYDSXUB DYZD DY 
branch 10
leaf 1 EBQEN 
leaf 1 ECXTO 
leaf 1 EDN 
leaf 1 EJIS 
leaf 1 EPO 
leaf 1 ETVCHOP 
leaf 1 EU 
leaf 1 EVYWD 
leaf 1 EX 
leaf 1 EYZJNMYU 
branch 12
leaf 1 F 
leaf 1 FA 
leaf 1 FBAGN 
leaf 1 FC 
leaf 1 FDN 
leaf 2 FKY FKWUSHDX 
leaf 2 FLKRY FLFVP 
leaf 1 FMTBPM 
leaf 1 FRGUC 
leaf 1 FTUXK 
leaf 2 FXFAD FX 
leaf 1 FZNWX 
branch 13
leaf 1 G 
leaf 1 GAI 
leaf 1 GCLDM 
leaf 1 GH 
leaf 1 GIC 
leaf 1 GKESTZQ 
leaf 1 GLW 
leaf 2 GM GMCOLCKD 
leaf 1 GNQO 
leaf 3 GP GPFJG GPZD 
leaf 1 GT 
leaf 2 GUFYUEWG GUGZI 
leaf 1 GXNNE 
branch 11
leaf 1 H 
leaf 1 HB 
leaf 1 HCS 
leaf 3 HFGN HFU HFG 
leaf 1 HHX 
leaf 1 HPWGFVELB 
leaf 1 HQNDFN 
leaf 1 HSG 
leaf 1 HUURUBS 
leaf 2 HVGMN HVPPD 
leaf 1 HYWC 
branch 9
leaf 2 IAAWA IAO 
leaf 1 IDDBIE 
leaf 2 IHXWY IHVQ 
leaf 1 IJS 
leaf 1 IPSDV 
leaf 2 IQLWDP IQ 
leaf 1 ISEHE 
leaf 1 IUE 
leaf 1 IY 
branch 10
leaf 1 J 
leaf 1 JAPF 
leaf 1 JBRB 
leaf 1 JCA 
leaf 1 JHYDH 
leaf 1 JJNIB 
leaf 1 JKOSXV 
leaf 1 JXRUO 
leaf 1 JYOQAXJQ 
leaf 1 JZEE 
branch 13
leaf 1 K 
leaf 1 KA 
leaf 1 KBSRH 
leaf 2 KFARF KFSBO 
leaf 1 KJ 
leaf 2 KLYDR KL 
leaf 1 KM 
leaf 2 KNBQCT KNRGUT 
leaf 1 KOK 
leaf 1 KRAI 
leaf 1 KTJXT 
leaf 1 KX 
leaf 2 KYIMGYOUZ KY 
branch 17
leaf 1 L 
leaf 1 LACZ 
leaf 1 LEO 
leaf 2 LFK LFCS 
leaf 1 LGVRW 
leaf 1 LHMWE 
leaf 1 LIIJR 
leaf 1 LJV 
leaf 1 LKES 
leaf 2 LOQUFZS LOVX 
leaf 1 LP 
leaf 1 LQN 
leaf 1 LRBXX 
leaf 2 LSF LSFC 
leaf 1 LTV 
leaf 2 LVLL LVKK 
leaf 1 LZKZ 
branch 12
leaf 1 M 
leaf 1 MALS 
leaf 1 MDMYSI 
leaf 2 MEVNH MEHF 
leaf 1 MFY 
leaf 1 MPNMWSM 
leaf 1 MRH 
leaf 1 MUX 
leaf 2 MVZO MVBVVPS 
leaf 1 MXIJW 
leaf 3 MYIIH MY MYX 
leaf 1 MZVF 
branch 12
leaf 1 N 
leaf 1 NADMXSARQ 
leaf 1 NBEN 
leaf 1 NEYILGQ 
leaf 1 NF 
leaf 1 NL 
leaf 1 NOLF 
leaf 1 NPFM 
leaf 1 NQ 
leaf 1 NSXRE 
leaf 1 NVMCF 
leaf 1 NXT 
branch 10
leaf 1 O 
leaf 2 OCBGMANHU OC 
leaf 1 OGQ 
leaf 1 OI 
leaf 1 OL 
leaf 1 OMSAS 
leaf 1 ONQWC 
leaf 1 OO 
leaf 3 OT OTVZRKBTBW OTNUZBFQUY 
leaf 2 OVFFCG OVFNX 
branch 12
leaf 1 P 
leaf 1 PAZM 
leaf 2 PCP PCJWE 
leaf 1 PF 
leaf 1 PH 
leaf 1 PJQN 
leaf 1 PPTP 
leaf 1 PQG 
leaf 1 PRIWJAG 
leaf 2 PTQZJMFBYK PTUDX 
leaf 2 PXZMX PXCD 
leaf 1 PYPXGNT 
branch 14
leaf 1 Q 
leaf 1 QBD 
leaf 1 QC 
leaf 1 QDCETRFVQP 
leaf 1 QIN 
leaf 1 QJ 
leaf 1 QKS 
leaf 1 QLZ 
leaf 2 QNCGKCFS QNMN 
leaf 1 QQK 
leaf 1 QRPA 
leaf 1 QXYBGSF 
leaf 1 QYEXMVHN 
leaf 1 QZDN 
branch 15
leaf 1 R 
leaf 1 RBBZA 
leaf 1 RCQHVFA 
leaf 1 RFUCB 
leaf 3 RIB RISEJ RI 
leaf 1 RLNAR 
leaf 1 RM 
leaf 1 RNT 
leaf 1 RP 
leaf 1 RQ 
leaf 1 RRRIF 
leaf 2 RSY RSK 
leaf 1 RTMYY 
leaf 1 RUB 
leaf 2 RZODFTGWIZ RZLMXCS 
branch 11
leaf 1 S 
leaf 1 SDZ 
leaf 1 SGSBF 
leaf 2 SHHPRPIJ SH 
leaf 1 SLDPE 
leaf 2 SMI SMG 
leaf 2 SNEMCG SNR 
leaf 2 SPRJ SP 
leaf 1 SR 
leaf 1 SSRP 
leaf 1 STO 
branch 14
leaf 1 TAEOILT 
leaf 1 TB 
leaf 1 TCT 
leaf 1 TEKS 
leaf 2 TH THBU 
leaf 2 TICY TI 
leaf 1 TJ 
leaf 1 TPV 
leaf 2 TQDDETP TQU 
leaf 2 TRUZB TRZEE 
leaf 1 TSIZA 
leaf 1 TVREN 
leaf 1 TWEZR 
leaf 1 TYCKKD 
branch 15
leaf 1 U 
leaf 1 UCOVQCQBU 
leaf 1 UDHL 
leaf 1 UE 
leaf 1 UGHDCUMLFU 
leaf 1 UI 
leaf 1 UJUSO 
leaf 1 UKTO 
leaf 1 UNYQOATJX 
leaf 1 UOVK 
leaf 1 UQ 
leaf 1 UTIVVM 
leaf 1 UV 
leaf 1 UWNYZ 
leaf 1 UYLE 
branch 11
leaf 1 V 
leaf 1 VBG 
leaf 1 VDKGD 
leaf 1 VEKJ 
leaf 1 VFVDDM 
leaf 1 VLG 
leaf 2 VN VNOJOYKA 
leaf 2 VP VPJAH 
leaf 1 VUFRO 
leaf 1 VXDMVQ 
leaf 1 VZWPJ 
branch 11
leaf 1 W 
leaf 1 WB 
leaf 4 WEVS WEYL WECPW WECDDPK 
leaf 2 WLP WLZMFD 
leaf 2 WMSZK WM 
leaf 2 WOQDK WO 
leaf 1 WQMSI 
leaf 1 WSPG 
leaf 1 WUGR 
leaf 1 WV 
leaf 2 WXZVT WXHR 
branch 11
leaf 1 X 
leaf 1 XEVNL 
leaf 1 XIEG 
leaf 2 XJXTM XJG 
leaf 1 XKSX 
leaf 2 XOD XOQH 
leaf 1 XS 
leaf 1 XTXMGTN 
leaf 1 XWOIFLPTZ 
leaf 1 XXGQVF 
leaf 1 XZIN 
branch 14
leaf 1 Y 
leaf 1 YB 
leaf 1 YCW 
leaf 2 YE YEJKETH 
leaf 1 YIYCM 
leaf 1 YJX 
leaf 1 YKTYK 
leaf 1 YLM 
leaf 1 YOPNHZUAUP 
leaf 2 YP YPMVZU 
leaf 2 YTGGP YT 
leaf 1 YUQCT 
leaf 1 YV 
leaf 1 YWZE 
branch 14
leaf 1 Z 
leaf 1 ZBFVIN 
leaf 1 ZEEB 
leaf 1 ZFG 
leaf 1 ZHKO 
leaf 1 ZJ 
leaf 1 ZNHWTRP 
leaf 1 ZR 
leaf 1 ZTTXM 
leaf 1 ZUF 
leaf 1 ZVZLO 
leaf 2 ZWCIG ZWJ 
leaf 3 ZYJI ZYZ ZYA 
leaf 1 ZZ 
branch 26
branch 12
leaf 1 A 
leaf 2 ACRLZWROH ACVVN 
leaf 1 AKDPN 
leaf 2 AL ALCK 
leaf 2 AMM AMJ 
leaf 1 AQFP 
leaf 1 ARGM 
leaf 1 ASN 
leaf 1 ATFG 
leaf 1 AW 
leaf 1 AXQV 
leaf 1 AYZUQCOQYD 
branch 10
leaf 1 B 
leaf 1 BA 
leaf 1 BD 
leaf 2 BGZWV BGR 
leaf 1 BKVBQ 
leaf 1 BNSYPGLW 
leaf 2 BOUJPBI BOBRG 
leaf 2 BT BTH 
leaf 2 BYPKK BYN 
leaf 1 BZEAF 
branch 12
leaf 1 C 
leaf 1 CA 
leaf 1 CDLV 
leaf 2 CG CGSJU 
leaf 2 CLN CLK 
leaf 1 CNCU 
leaf 1 CP 
leaf 1 CQ 
leaf 1 CUW 
leaf 2 CVOX CVAAMUV 
leaf 1 CWJQL 
leaf 1 CZEPABPS 
branch 14
leaf 1 D 
leaf 1 DCDOH 
leaf 1 DDMMSKI 
leaf 2 DEQSYAVEAM DENWQ 
leaf 1 DG 
leaf 1 DH 
leaf 1 DILG 
leaf 2 DKCNZ DKWD 
leaf 3 DN DNWBV DNQEPLVHB 
leaf 1 DO 
leaf 1 DRLNVEARF 
leaf 1 DUEIZ 
leaf 1 DWC 
leaf 4 DYWH DYDSXUB DYZD DY 
branch 13
leaf 1 E 
leaf 1 EBQEN 
leaf 1 ECXTO 
leaf 1 EDN 
leaf 1 EJIS 
leaf 1 EKIZO 
leaf 1 EOMF 
leaf 1 EPO 
leaf 1 ETVCHOP 
leaf 1 EU 
leaf 1 EVYWD 
leaf 1 EX 
leaf 1 EYZJNMYU 
branch 12
leaf 1 F 
leaf 1 FA 
leaf 1 FBAGN 
leaf 1 FC 
leaf 1 FDN 
leaf 2 FKY FKWUSHDX 
leaf 2 FLKRY FLFVP 
leaf 1 FMTBPM 
leaf 1 FRGUC 
leaf 1 FTUXK 
leaf 2 FXFAD FX 
leaf 1 FZNWX 
branch 13
leaf 1 G 
leaf 1 GAI 
leaf 1 GCLDM 
leaf 1 GH 
leaf 1 GIC 
leaf 1 GKESTZQ 
leaf 2 GLY GLW 
leaf 2 GM GMCOLCKD 
leaf 1 GNQO 
leaf 3 GP GPFJG GPZD 
leaf 1 GT 
leaf 2 GUFYUEWG GUGZI 
leaf 1 GXNNE 
branch 11
leaf 1 H 
leaf 1 HB 
leaf 1 HCS 
leaf 3 HFGN HFU HFG 
leaf 1 HHX 
leaf 1 HPWGFVELB 
leaf 1 HQNDFN 
leaf 1 HSG 
leaf 1 HUURUBS 
leaf 2 HVGMN HVPPD 
leaf 1 HYWC 
branch 10
leaf 2 IAAWA IAO 
leaf 1 IDDBIE 
leaf 2 IHXWY IHVQ 
leaf 1 IJS 
leaf 1 IMBMV 
leaf 1 IPSDV 
leaf 2 IQLWDP IQ 
leaf 1 ISEHE 
leaf 1 IUE 
leaf 1 IY 
branch 10
leaf 1 J 
leaf 1 JAPF 
leaf 1 JBRB 
leaf 1 JCA 
leaf 1 JHYDH 
leaf 1 JJNIB 
leaf 1 JKOSXV 
leaf 1 JXRUO 
leaf 1 JYOQAXJQ 
leaf 1 JZEE 
branch 13
leaf 1 K 
leaf 1 KA 
leaf 1 KBSRH 
leaf 2 KFARF KFSBO 
leaf 1 KJ 
leaf 2 KLYDR KL 
leaf 1 KM 
leaf 2 KNBQCT KNRGUT 
leaf 1 KOK 
leaf 1 KRAI 
leaf 1 KTJXT 
leaf 1 KX 
leaf 2 KYIMGYOUZ KY 
branch 17
leaf 1 L 
leaf 1 LACZ 
leaf 1 LEO 
leaf 2 LFK LFCS 
leaf 1 LGVRW 
leaf 1 LHMWE 
leaf 1 LIIJR 
leaf 1 LJV 
leaf 1 LKES 
leaf 2 LOQUFZS LOVX 
leaf 1 LP 
leaf 1 LQN 
leaf 1 LRBXX 
leaf 2 LSF LSFC 
leaf 1 LTV 
leaf 2 LVLL LVKK 
leaf 1 LZKZ 
branch 12
leaf 1 M 
leaf 1 MALS 
leaf 1 MDMYSI 
leaf 2 MEVNH MEHF 
leaf 1 MFY 
leaf 1 MPNMWSM 
leaf 1 MRH 
leaf 1 MUX 
leaf 2 MVZO MVBVVPS 
leaf 1 MXIJW 
leaf 3 MYIIH MY MYX 
leaf 1 MZVF 
branch 12
leaf 1 N 
leaf 2 NAVHQJP NADMXSARQ 
leaf 1 NBEN 
leaf 1 NEYILGQ 
leaf 1 NF 
leaf 1 NL 
leaf 1 NOLF 
leaf 1 NPFM 
leaf 1 NQ 
leaf 2 NSOJC NSXRE 
leaf 2 NV NVMCF 
leaf 1 NXT 
branch 11
leaf 1 O 
leaf 2 OCBGMANHU OC 
leaf 1 OGQ 
leaf 1 OI 
leaf 1 OJKOA 
leaf 1 OL 
leaf 1 OMSAS 
leaf 1 ONQWC 
leaf 1 OO 
leaf 3 OT OTVZRKBTBW OTNUZBFQUY 
leaf 2 OVFFCG OVFNX 
branch 13
leaf 1 P 
leaf 1 PAZM 
leaf 2 PCP PCJWE 
leaf 1 PF 
leaf 1 PH 
leaf 1 PIKDDS 
leaf 1 PJQN 
leaf 3 PP PPDOR PPTP 
leaf 1 PQG 
leaf 1 PRIWJAG 
leaf 2 PTQZJMFBYK PTUDX 
leaf 2 PXZMX PXCD 
leaf 1 PYPXGNT 
branch 14
leaf 1 Q 
leaf 1 QBD 
leaf 1 QC 
leaf 1 QDCETRFVQP 
leaf 1 QIN 
leaf 1 QJ 
leaf 1 QKS 
leaf 1 QLZ 
leaf 2 QNCGKCFS QNMN 
leaf 1 QQK 
leaf 1 QRPA 
leaf 1 QXYBGSF 
leaf 1 QYEXMVHN 
leaf 1 QZDN 
branch 16
leaf 1 R 
leaf 1 RBBZA 
leaf 1 RCQHVFA 
leaf 1 RFUCB 
leaf 1 RGLK 
leaf 3 RIB RISEJ RI 
leaf 1 RLNAR 
leaf 1 RM 
leaf 1 RNT 
leaf 1 RP 
leaf 1 RQ 
leaf 1 RRRIF 
leaf 2 RSY RSK 
leaf 1 RTMYY 
leaf 1 RUB 
leaf 2 RZODFTGWIZ RZLMXCS 
branch 11
leaf 1 S 
leaf 1 SDZ 
leaf 1 SGSBF 
leaf 2 SHHPRPIJ SH 
leaf 1 SLDPE 
leaf 2 SMI SMG 
leaf 2 SNEMCG SNR 
leaf 2 SPRJ SP 
leaf 1 SR 
leaf 1 SSRP 
leaf 1 STO 
branch 14
leaf 2 TAHE TAEOILT 
leaf 1 TB 
leaf 1 TCT 
leaf 1 TEKS 
leaf 2 TH THBU 
leaf 2 TICY TI 
leaf 1 TJ 
leaf 1 TPV 
leaf 2 TQDDETP TQU 
leaf 2 TRUZB TRZEE 
leaf 1 TSIZA 
leaf 1 TVREN 
leaf 1 TWEZR 
leaf 1 TYCKKD 
branch 15
leaf 1 U 
leaf 1 UB 
leaf 1 UCOVQCQBU 
leaf 1 UDHL 
leaf 1 UE 
leaf 1 UGHDCUMLFU 
leaf 1 UJUSO 
leaf 1 UKTO 
leaf 1 UNYQOATJX 
leaf 1 UOVK 
leaf 1 UQ 
leaf 1 UTIVVM 
leaf 1 UV 
leaf 1 UWNYZ 
leaf 1 UYLE 
branch 13
leaf 1 V 
leaf 1 VBG 
leaf 2 VDXM VDKGD 
leaf 1 VEKJ 
leaf 1 VFVDDM 
leaf 1 VKDUMGMIOC 
leaf 1 VLG 
leaf 2 VN VNOJOYKA 
leaf 2 VP VPJAH 
leaf 1 VQIZVPV 
leaf 1 VUFRO 
leaf 1 VXDMVQ 
leaf 1 VZWPJ 
branch 11
leaf 1 W 
leaf 1 WB 
leaf 4 WEVS WEYL WECPW WECDDPK 
leaf 2 WLP WLZMFD 
leaf 2 WMSZK WM 
leaf 2 WOQDK WO 
leaf 1 WQMSI 
leaf 1 WSPG 
leaf 1 WUGR 
leaf 1 WV 
leaf 2 WXZVT WXHR 
branch 11
leaf 1 X 
leaf 1 XEVNL 
leaf 1 XIEG 
leaf 2 XJXTM XJG 
leaf 2 XOD XOQH 
leaf 1 XQULO 
leaf 1 XS 
leaf 1 XTXMGTN 
leaf 1 XWOIFLPTZ 
leaf 1 XXGQVF 
leaf 1 XZIN 
branch 12
leaf 1 YB 
leaf 1 YCW 
leaf 2 YE YEJKETH 
leaf 1 YIYCM 
leaf 1 YJX 
leaf 1 YKTYK 
leaf 1 YLM 
leaf 2 YP YPMVZU 
leaf 3 YTU YTGGP YT 
leaf 1 YUQCT 
leaf 1 YV 
leaf 1 YWZE 
branch 14
leaf 1 Z 
leaf 1 ZBFVIN 
leaf 1 ZEEB 
leaf 1 ZFG 
leaf 1 ZHKO 
leaf 1 ZJ 
leaf 1 ZNHWTRP 
leaf 1 ZR 
leaf 1 ZTTXM 
leaf 1 ZUF 
leaf 1 ZVZLO 
leaf 2 ZWCIG ZWJ 
leaf 3 ZYJI ZYZ ZYA 
leaf 1 ZZ 
branch 26
branch 12
leaf 1 A 
leaf 2 ACRLZWROH ACVVN 
leaf 1 AKDPN 
leaf 2 AL ALCK 
leaf 3 AMRYXIM AMM AMJ 
leaf 1 AQFP 
leaf 1 ARGM 
leaf 1 ASN 
leaf 1 ATFG 
leaf 1 AW 
leaf 1 AXQV 
leaf 1 AYZUQCOQYD 
branch 10
leaf 1 B 
leaf 1 BA 
leaf 1 BD 
leaf 2 BGZWV BGR 
leaf 1 BKVBQ 
leaf 2 BNKIKMZ BNSYPGLW 
leaf 2 BOUJPBI BOBRG 
leaf 2 BT BTH 
leaf 2 BYPKK BYN 
leaf 1 BZEAF 
branch 13
leaf 1 C 
leaf 1 CA 
leaf 1 CDLV 
leaf 2 CG CGSJU 
leaf 1 CIS 
leaf 2 CLN CLK 
leaf 1 CNCU 
leaf 1 CP 
leaf 1 CQ 
leaf 1 CUW 
leaf 2 CVOX CVAAMUV 
leaf 1 CWJQL 
leaf 1 CZEPABPS 
branch 14
leaf 1 D 
leaf 2 DCOX DCDOH 
leaf 1 DDMMSKI 
leaf 2 DEQSYAVEAM DENWQ 
leaf 1 DG 
leaf 1 DH 
leaf 1 DILG 
leaf 2 DKCNZ DKWD 
leaf 3 DN DNWBV DNQEPLVHB 
leaf 1 DO 
leaf 1 DRLNVEARF 
leaf 1 DUEIZ 
leaf 1 DWC 
leaf 4 DYWH DYDSXUB DYZD DY 
branch 12
leaf 1 E 
leaf 1 ECXTO 
leaf 1 EDN 
leaf 1 EJIS 
leaf 1 EKIZO 
leaf 1 EOMF 
leaf 1 EPO 
leaf 1 ETVCHOP 
leaf 1 EU 
leaf 1 EVYWD 
leaf 1 EX 
leaf 1 EYZJNMYU 
branch 13
leaf 1 F 
leaf 1 FA 
leaf 1 FBAGN 
leaf 1 FC 
leaf 1 FDN 
leaf 2 FKY FKWUSHDX 
leaf 2 FLKRY FLFVP 
leaf 2 FM FMTBPM 
leaf 1 FRGUC 
leaf 1 FTUXK 
leaf 1 FV 
leaf 2 FXFAD FX 
leaf 1 FZNWX 
branch 13
leaf 1 G 
leaf 1 GAI 
leaf 1 GCLDM 
leaf 1 GH 
leaf 1 GIC 
leaf 1 GKESTZQ 
leaf 2 GLY GLW 
leaf 2 GM GMCOLCKD 
leaf 1 GNQO 
leaf 3 GP GPFJG GPZD 
leaf 1 GT 
leaf 2 GUFYUEWG GUGZI 
leaf 1 GXNNE 
branch 11
leaf 1 H 
leaf 1 HB 
leaf 1 HCS 
leaf 3 HFGN HFU HFG 
leaf 1 HHX 
leaf 1 HPWGFVELB 
leaf 1 HQNDFN 
leaf 1 HSG 
leaf 1 HUURUBS 
leaf 3 HVES HVGMN HVPPD 
leaf 1 HYWC 
branch 10
leaf 2 IAAWA IAO 
leaf 1 IDDBIE 
leaf 2 IHXWY IHVQ 
leaf 1 IJS 
leaf 1 IMBMV 
leaf 1 IPSDV 
leaf 2 IQLWDP IQ 
leaf 1 ISEHE 
leaf 1 IUE 
leaf 1 IY 
branch 10
leaf 1 J 
leaf 1 JAPF 
leaf 1 JBRB 
leaf 1 JCA 
leaf 1 JHYDH 
leaf 1 JJNIB 
leaf 1 JKOSXV 
leaf 1 JXRUO 
leaf 1 JYOQAXJQ 
leaf 2 JZCFB JZEE 
branch 13
leaf 1 K 
leaf 1 KA 
leaf 1 KBSRH 
leaf 2 KFARF KFSBO 
leaf 1 KJ 
leaf 2 KLYDR KL 
leaf 1 KM 
leaf 2 KNBQCT KNRGUT 
leaf 1 KOK 
leaf 1 KRAI 
leaf 1 KTJXT 
leaf 1 KX 
leaf 2 KYIMGYOUZ KY 
branch 18
leaf 1 L 
leaf 1 LACZ 
leaf 1 LEO 
leaf 2 LFK LFCS 
leaf 1 LGVRW 
leaf 1 LHMWE 
leaf 1 LIIJR 
leaf 1 LJV 
leaf 1 LKES 
leaf 1 LLYT 
leaf 2 LOQUFZS LOVX 
leaf 1 LP 
leaf 1 LQN 
leaf 1 LRBXX 
leaf 2 LSF LSFC 
leaf 1 LTV 
leaf 2 LVLL LVKK 
leaf 2 LZ LZKZ 
branch 13
leaf 1 M 
leaf 1 MALS 
leaf 1 MDMYSI 
leaf 2 MEVNH MEHF 
leaf 1 MFY 
leaf 1 MPNMWSM 
leaf 1 MRH 
leaf 1 MUX 
leaf 2 MVZO MVBVVPS 
leaf 1 MWP 
leaf 1 MXIJW 
leaf 3 MYIIH MY MYX 
leaf 1 MZVF 
branch 14
leaf 1 N 
leaf 2 NAVHQJP NADMXSARQ 
leaf 1 NBEN 
leaf 1 NEYILGQ 
leaf 1 NF 
leaf 1 NI 
leaf 1 NJ 
leaf 1 NL 
leaf 1 NOLF 
leaf 1 NPFM 
leaf 1 NQ 
leaf 2 NSOJC NSXRE 
leaf 2 NV NVMCF 
leaf 1 NXT 
branch 11
leaf 1 O 
leaf 2 OCBGMANHU OC 
leaf 1 OGQ 
leaf 1 OI 
leaf 1 OJKOA 
leaf 1 OL 
leaf 1 OMSAS 
leaf 1 ONQWC 
leaf 1 OO 
leaf 3 OT OTVZRKBTBW OTNUZBFQUY 
leaf 1 OVFNX 
branch 15
leaf 1 P 
leaf 1 PCJWE 
leaf 1 PF 
leaf 1 PH 
leaf 1 PIKDDS 
leaf 1 PJQN 
leaf 1 PM 
leaf 1 PNHNF 
leaf 3 PP PPDOR PPTP 
leaf 1 PQG 
leaf 1 PRIWJAG 
leaf 2 PTQZJMFBYK PTUDX 
leaf 1 PWRS 
leaf 2 PXZMX PXCD 
leaf 1 PYPXGNT 
branch 14
leaf 1 Q 
leaf 1 QBD 
leaf 1 QC 
leaf 1 QDCETRFVQP 
leaf 1 QIN 
leaf 1 QJ 
leaf 1 QKS 
leaf 1 QLZ 
leaf 2 QNCGKCFS QNMN 
leaf 1 QQK 
leaf 1 QRPA 
leaf 1 QXYBGSF 
leaf 1 QYEXMVHN 
leaf 1 QZDN 
branch 16
leaf 1 R 
leaf 1 RBBZA 
leaf 1 RCQHVFA 
leaf 1 RFUCB 
leaf 1 RGLK 
leaf 3 RIB RISEJ RI 
leaf 1 RLNAR 
leaf 1 RM 
leaf 1 RNT 
leaf 1 RP 
leaf 1 RQ 
leaf 1 RRRIF 
leaf 2 RSY RSK 
leaf 1 RTMYY 
leaf 1 RUB 
leaf 2 RZODFTGWIZ RZLMXCS 
branch 11
leaf 1 S 
leaf 1 SDZ 
leaf 1 SGSBF 
leaf 2 SHHPRPIJ SH 
leaf 1 SLDPE 
leaf 2 SMI SMG 
leaf 2 SNEMCG SNR 
leaf 2 SPRJ SP 
leaf 1 SR 
leaf 1 SSRP 
leaf 1 STO 
branch 14
leaf 2 TAHE TAEOILT 
leaf 1 TB 
leaf 1 TCT 
leaf 1 TEKS 
leaf 2 TH THBU 
leaf 2 TICY TI 
leaf 1 TJ 
leaf 2 TPIX TPV 
leaf 2 TQDDETP TQU 
leaf 2 TRUZB TRZEE 
leaf 1 TSIZA 
leaf 1 TVREN 
leaf 1 TWEZR 
leaf 1 TYCKKD 
branch 15
leaf 1 U 
leaf 1 UB 
leaf 1 UCOVQCQBU 
leaf 1 UDHL 
leaf 1 UE 
leaf 1 UGHDCUMLFU 
leaf 1 UJUSO 
leaf 1 UKTO 
leaf 1 UNYQOATJX 
leaf 1 UOVK 
leaf 1 UQ 
leaf 1 UTIVVM 
leaf 1 UV 
leaf 1 UWNYZ 
leaf 1 UYLE 
branch 14
leaf 1 V 
leaf 1 VBG 
leaf 2 VDXM VDKGD 
leaf 1 VEKJ 
leaf 1 VFVDDM 
leaf 1 VKDUMGMIOC 
leaf 1 VLG 
leaf 1 VMBB 
leaf 2 VN VNOJOYKA 
leaf 2 VP VPJAH 
leaf 1 VQIZVPV 
leaf 1 VUFRO 
leaf 1 VXDMVQ 
leaf 2 VZOW VZWPJ 
branch 12
leaf 1 W 
leaf 1 WB 
leaf 3 WEVS WEYL WECDDPK 
leaf 1 WHWHNXP 
leaf 2 WLP WLZMFD 
leaf 2 WMSZK WM 
leaf 2 WOQDK WO 
leaf 1 WQMSI 
leaf 1 WSPG 
leaf 1 WUGR 
leaf 1 WV 
leaf 2 WXZVT WXHR 
branch 12
leaf 1 X 
leaf 1 XEVNL 
leaf 1 XHUZB 
leaf 1 XIEG 
leaf 2 XJXTM XJG 
leaf 2 XOD XOQH 
leaf 1 XQULO 
leaf 1 XS 
leaf 1 XTXMGTN 
leaf 1 XWOIFLPTZ 
leaf 1 XXGQVF 
leaf 1 XZIN 
branch 12
leaf 1 YB 
leaf 1 YCW 
leaf 2 YE YEJKETH 
leaf 1 YIYCM 
leaf 1 YJX 
leaf 1 YKTYK 
leaf 1 YLM 
leaf 2 YP YPMVZU 
leaf 3 YTU YTGGP YT 
leaf 1 YUQCT 
leaf 1 YV 
leaf 1 YWZE 
branch 14
leaf 1 Z 
leaf 2 ZBEEPJWB ZBFVIN 
leaf 1 ZEEB 
leaf 1 ZFG 
leaf 1 ZHKO 
leaf 1 ZJ 
leaf 1 ZNHWTRP 
leaf 1 ZR 
leaf 1 ZTTXM 
leaf 1 ZUF 
leaf 1 ZVZLO 
leaf 2 ZWCIG ZWJ 
leaf 3 ZYJI ZYZ ZYA 
leaf 1 ZZ 
branch 26
branch 13
leaf 1 A 
leaf 1 AARGXV 
leaf 2 ACRLZWROH ACVVN 
leaf 1 AKDPN 
leaf 2 AL ALCK 
leaf 3 AMRYXIM AMM AMJ 
leaf 1 AQFP 
leaf 1 ARGM 
leaf 1 ASN 
leaf 1 ATFG 
leaf 1 AW 
leaf 1 AXQV 
leaf 1 AYZUQCOQYD 
branch 10
leaf 1 B 
leaf 1 BA 
leaf 1 BD 
leaf 2 BGZWV BGR 
leaf 1 BKVBQ 
leaf 2 BNKIKMZ BNSYPGLW 
leaf 2 BOUJPBI BOBRG 
leaf 2 BT BTH 
leaf 2 BYPKK BYN 
leaf 1 BZEAF 
branch 13
leaf 1 C 
leaf 1 CA 
leaf 1 CDLV 
leaf 2 CG CGSJU 
leaf 1 CIS 
leaf 2 CLN CLK 
leaf 1 CNCU 
leaf 1 CP 
leaf 1 CQ 
leaf 2 CUQW CUW 
leaf 2 CVOX CVAAMUV 
leaf 1 CWJQL 
leaf 1 CZEPABPS 
branch 15
leaf 1 D 
leaf 3 DCA DCOX DCDOH 
leaf 2 DD DDMMSKI 
leaf 2 DEQSYAVEAM DENWQ 
leaf 1 DG 
leaf 1 DH 
leaf 1 DILG 
leaf 2 DKCNZ DKWD 
leaf 3 DN DNWBV DNQEPLVHB 
leaf 1 DO 
leaf 1 DRLNVEARF 
leaf 1 DTL 
leaf 1 DUEIZ 
leaf 1 DWC 
leaf 4 DYWH DYDSXUB DYZD DY 
branch 12
leaf 1 E 
leaf 1 ECXTO 
leaf 1 EDN 
leaf 1 EJIS 
leaf 1 EKIZO 
leaf 1 EOMF 
leaf 1 EPO 
leaf 1 ETVCHOP 
leaf 1 EU 
leaf 1 EVYWD 
leaf 1 EX 
leaf 1 EYZJNMYU 
branch 14
leaf 1 F 
leaf 1 FA 
leaf 1 FBAGN 
leaf 1 FC 
leaf 1 FDN 
leaf 1 FHC 
leaf 2 FKY FKWUSHDX 
leaf 2 FLKRY FLFVP 
leaf 2 FM FMTBPM 
leaf 1 FRGUC 
leaf 1 FTUXK 
leaf 1 FV 
leaf 2 FXFAD FX 
leaf 1 FZNWX 
branch 13
leaf 1 G 
leaf 1 GAI 
leaf 1 GCLDM 
leaf 1 GH 
leaf 1 GIC 
leaf 1 GKESTZQ 
leaf 2 GLY GLW 
leaf 1 GMCOLCKD 
leaf 1 GNQO 
leaf 2 GP GPFJG 
leaf 2 GTH GT 
leaf 2 GUFYUEWG GUGZI 
leaf 1 GXNNE 
branch 12
leaf 1 H 
leaf 1 HB 
leaf 1 HCS 
leaf 1 HENNTJ 
leaf 3 HFGN HFU HFG 
leaf 1 HHX 
leaf 1 HPWGFVELB 
leaf 1 HQNDFN 
leaf 1 HSG 
leaf 1 HUURUBS 
leaf 3 HVES HVGMN HVPPD 
leaf 1 HYWC 
branch 12
leaf 2 IAAWA IAO 
leaf 1 ICGTLLI 
leaf 1 IDDBIE 
leaf 2 IHXWY IHVQ 
leaf 1 IJS 
leaf 1 IMBMV 
leaf 1 IPSDV 
leaf 2 IQLWDP IQ 
leaf 1 IUE 
leaf 1 IXFJW 
leaf 1 IY 
leaf 1 IZFXDR 
branch 11
leaf 1 J 
leaf 1 JAPF 
leaf 1 JBRB 
leaf 2 JC JCA 
leaf 1 JHYDH 
leaf 1 JJNIB 
leaf 1 JKOSXV 
leaf 1 JUPI 
leaf 1 JXRUO 
leaf 1 JYOQAXJQ 
leaf 2 JZCFB JZEE 
branch 13
leaf 1 K 
leaf 1 KA 
leaf 1 KBSRH 
leaf 2 KFARF KFSBO 
leaf 1 KJ 
leaf 2 KLYDR KL 
leaf 1 KM 
leaf 2 KNBQCT KNRGUT 
leaf 1 KOK 
leaf 1 KRAI 
leaf 1 KTJXT 
leaf 1 KX 
leaf 2 KYIMGYOUZ KY 
branch 17
leaf 1 L 
leaf 1 LACZ 
leaf 1 LEO 
leaf 2 LFK LFCS 
leaf 1 LGVRW 
leaf 1 LHMWE 
leaf 1 LIIJR 
leaf 1 LJV 
leaf 1 LKES 
leaf 1 LLYT 
leaf 1 LOVX 
leaf 1 LP 
leaf 1 LQN 
leaf 1 LRBXX 
leaf 2 LSF LSFC 
leaf 2 LVLL LVKK 
leaf 2 LZ LZKZ 
branch 13
leaf 1 M 
leaf 1 MALS 
leaf 1 MDMYSI 
leaf 2 MEVNH MEHF 
leaf 1 MFY 
leaf 1 MPNMWSM 
leaf 1 MRH 
leaf 1 MUX 
leaf 2 MVZO MVBVVPS 
leaf 1 MWP 
leaf 1 MXIJW 
leaf 3 MYIIH MY MYX 
leaf 1 MZVF 
branch 14
leaf 1 N 
leaf 2 NAVHQJP NADMXSARQ 
leaf 1 NBEN 
leaf 1 NEYILGQ 
leaf 1 NF 
leaf 1 NI 
leaf 1 NJ 
leaf 2 NLMPOA NL 
leaf 1 NOLF 
leaf 1 NPFM 
leaf 1 NQ 
leaf 2 NSOJC NSXRE 
leaf 2 NV NVMCF 
leaf 1 NXT 
branch 11
leaf 1 O 
leaf 2 OCBGMANHU OC 
leaf 1 OGQ 
leaf 1 OI 
leaf 1 OJKOA 
leaf 1 OL 
leaf 1 OMSAS 
leaf 1 ONQWC 
leaf 1 OO 
leaf 3 OT OTVZRKBTBW OTNUZBFQUY 
leaf 1 OVFNX 
branch 15
leaf 1 P 
leaf 1 PCJWE 
leaf 1 PF 
leaf 1 PH 
leaf 1 PIKDDS 
leaf 1 PJQN 
leaf 1 PM 
leaf 1 PNHNF 
leaf 3 PP PPDOR PPTP 
leaf 1 PQG 
leaf 1 PRIWJAG 
leaf 2 PTQZJMFBYK PTUDX 
leaf 1 PWRS 
leaf 2 PXZMX PXCD 
leaf 1 PYPXGNT 
branch 14
leaf 1 Q 
leaf 1 QBD 
leaf 1 QC 
leaf 1 QDCETRFVQP 
leaf 1 QIN 
leaf 1 QJ 
leaf 1 QKS 
leaf 1 QLZ 
leaf 2 QNCGKCFS QNMN 
leaf 1 QQK 
leaf 1 QRPA 
leaf 1 QXYBGSF 
leaf 1 QYEXMVHN 
leaf 1 QZDN 
branch 16
leaf 1 R 
leaf 1 RBBZA 
leaf 1 RCQHVFA 
leaf 1 RFUCB 
leaf 1 RGLK 
leaf 4 RIKIEAC RIB RISEJ RI 
leaf 1 RLNAR 
leaf 1 RM 
leaf 1 RNT 
leaf 1 RP 
leaf 1 RQ 
leaf 1 RRRIF 
leaf 2 RSY RSK 
leaf 1 RTMYY 
leaf 1 RUB 
leaf 2 RZODFTGWIZ RZLMXCS 
branch 11
leaf 1 S 
leaf 1 SDZ 
leaf 1 SGSBF 
leaf 2 SHHPRPIJ SH 
leaf 1 SLDPE 
leaf 2 SMI SMG 
leaf 2 SNEMCG SNR 
leaf 2 SPRJ SP 
leaf 1 SR 
leaf 1 SSRP 
leaf 1 STO 
branch 13
leaf 2 TAHE TAEOILT 
leaf 1 TB 
leaf 1 TCT 
leaf 2 TH THBU 
leaf 2 TICY TI 
leaf 1 TJ 
leaf 2 TPIX TPV 
leaf 2 TQDDETP TQU 
leaf 2 TRUZB TRZEE 
leaf 1 TSIZA 
leaf 1 TVREN 
leaf 1 TWEZR 
leaf 1 TYCKKD 
branch 15
leaf 1 U 
leaf 1 UB 
leaf 1 UCOVQCQBU 
leaf 1 UDHL 
leaf 1 UE 
leaf 1 UGHDCUMLFU 
leaf 1 UJUSO 
leaf 1 UKTO 
leaf 1 UNYQOATJX 
leaf 1 UOVK 
leaf 1 UQ 
leaf 1 UTIVVM 
leaf 1 UV 
leaf 1 UWNYZ 
leaf 2 UYGRH UYLE 
branch 14
leaf 1 V 
leaf 1 VBG 
leaf 2 VDXM VDKGD 
leaf 1 VEKJ 
leaf 1 VFVDDM 
leaf 1 VKDUMGMIOC 
leaf 1 VLG 
leaf 1 VMBB 
leaf 2 VN VNOJOYKA 
leaf 2 VP VPJAH 
leaf 1 VQIZVPV 
leaf 1 VUFRO 
leaf 1 VXDMVQ 
leaf 2 VZOW VZWPJ 
branch 12
leaf 1 W 
leaf 1 WB 
leaf 3 WEVS WEYL WECDDPK 
leaf 1 WHWHNXP 
leaf 2 WLP WLZMFD 
leaf 2 WMSZK WM 
leaf 2 WOQDK WO 
leaf 1 WQMSI 
leaf 1 WSPG 
leaf 1 WUGR 
leaf 1 WV 
leaf 2 WXZVT WXHR 
branch 13
leaf 1 X 
leaf 1 XEVNL 
leaf 1 XHUZB 
leaf 1 XIEG 
leaf 2 XJXTM XJG 
leaf 1 XLZO 
leaf 2 XOD XOQH 
leaf 1 XQULO 
leaf 1 XS 
leaf 1 XTXMGTN 
leaf 1 XWOIFLPTZ 
leaf 1 XXGQVF 
leaf 1 XZIN 
branch 14
leaf 1 YAWNKCSRW 
leaf 1 YB 
leaf 1 YCW 
leaf 2 YE YEJKETH 
leaf 1 YIYCM 
leaf 1 YJX 
leaf 1 YKTYK 
leaf 1 YLM 
leaf 1 YPMVZU 
leaf 3 YTU YTGGP YT 
leaf 1 YUQCT 
leaf 1 YV 
leaf 1 YWZE 
leaf 1 YY 
branch 14
leaf 1 Z 
leaf 2 ZBEEPJWB ZBFVIN 
leaf 1 ZEEB 
leaf 1 ZFG 
leaf 1 ZHKO 
leaf 1 ZJ 
leaf 1 ZNHWTRP 
leaf 1 ZR 
leaf 1 ZTTXM 
leaf 1 ZUF 
leaf 1 ZVZLO 
leaf 2 ZWCIG ZWJ 
leaf 3 ZYJI ZYZ ZYA 
leaf 1 ZZ 
